"../../../Engine/Content/Functions/Engine_MaterialFunctions01/Shading/PowerToRoughness.uasset" 0
"../../../Engine/Content/Functions/Engine_MaterialFunctions01/Shading/PowerToRoughness.uexp" 1
"../../../Engine/Content/Functions/Engine_MaterialFunctions01/Shading/ConvertFromDiffSpec.uasset" 2
"../../../Engine/Content/Functions/Engine_MaterialFunctions01/Shading/ConvertFromDiffSpec.uexp" 3
"../../../Engine/Content/EngineSounds/Master.uasset" 4
"../../../Engine/Content/EngineSounds/Master.uexp" 5
"../../../Engine/Content/EngineSky/VolumetricClouds/CloudWeatherTexture.uasset" 6
"../../../Engine/Content/EngineSky/VolumetricClouds/CloudWeatherTexture.uexp" 7
"../../../Engine/Content/Functions/Engine_MaterialFunctions02/Utility/MakeFloat2.uasset" 8
"../../../Engine/Content/Functions/Engine_MaterialFunctions02/Utility/MakeFloat2.uexp" 9
"../../../Engine/Content/EngineSky/VolumetricClouds/CloudGradientTexture.uasset" 10
"../../../Engine/Content/EngineSky/VolumetricClouds/CloudGradientTexture.uexp" 11
"../../../Engine/Content/EngineSky/VolumetricClouds/T_NoiseShape64.ubulk" 12
"../../../Engine/Content/EngineSky/VolumetricClouds/T_NoiseShape64.uasset" 13
"../../../Engine/Content/EngineSky/VolumetricClouds/T_NoiseShape64.uexp" 14
"../../../Engine/Content/EngineSky/VolumetricClouds/T_VolumeNoiseShape64.uasset" 15
"../../../Engine/Content/EngineSky/VolumetricClouds/T_VolumeNoiseShape64.uexp" 16
"../../../Engine/Content/EngineSky/VolumetricClouds/T_NoiseErosion.ubulk" 17
"../../../Engine/Content/EngineSky/VolumetricClouds/T_NoiseErosion.uasset" 18
"../../../Engine/Content/EngineSky/VolumetricClouds/T_NoiseErosion.uexp" 19
"../../../Engine/Content/EngineSky/VolumetricClouds/T_VolumeNoiseErosion32.uasset" 20
"../../../Engine/Content/EngineSky/VolumetricClouds/T_VolumeNoiseErosion32.uexp" 21
"../../../Engine/Content/EngineSky/VolumetricClouds/m_SimpleVolumetricCloud.uasset" 22
"../../../Engine/Content/EngineSky/VolumetricClouds/m_SimpleVolumetricCloud.uexp" 23
"../../../Engine/Content/EngineSky/VolumetricClouds/m_SimpleVolumetricCloud_Inst.uasset" 24
"../../../Engine/Content/EngineSky/VolumetricClouds/m_SimpleVolumetricCloud_Inst.uexp" 25
"../../../Engine/Content/EngineResources/GradientTexture0.uasset" 26
"../../../Engine/Content/EngineResources/GradientTexture0.uexp" 27
"../../../Engine/Content/EngineResources/DefaultVolumeTexture2D.uasset" 28
"../../../Engine/Content/EngineResources/DefaultVolumeTexture2D.uexp" 29
"../../../Engine/Content/EngineResources/DefaultVolumeTexture.uasset" 30
"../../../Engine/Content/EngineResources/DefaultVolumeTexture.uexp" 31
"../../../Engine/Content/EngineResources/DefaultTextureCube.uasset" 32
"../../../Engine/Content/EngineResources/DefaultTextureCube.uexp" 33
"../../../Engine/Content/EngineResources/DefaultTexture.ubulk" 34
"../../../Engine/Content/EngineResources/DefaultTexture.uasset" 35
"../../../Engine/Content/EngineResources/DefaultTexture.uexp" 36
"../../../Engine/Content/EngineResources/FilmGrains/Marcie_Grain_v3_128_M2_000.uasset" 37
"../../../Engine/Content/EngineResources/FilmGrains/Marcie_Grain_v3_128_M2_000.uexp" 38
"../../../Engine/Content/EngineMeshes/Sphere.uasset" 39
"../../../Engine/Content/EngineMeshes/Sphere.uexp" 40
"../../../Engine/Content/EngineResources/WhiteSquareTexture.uasset" 41
"../../../Engine/Content/EngineResources/WhiteSquareTexture.uexp" 42
"../../../Engine/Content/EngineMaterials/Widget3DPassThrough.uasset" 43
"../../../Engine/Content/EngineMaterials/Widget3DPassThrough.uexp" 44
"../../../Engine/Content/EngineMaterials/Widget3DPassThrough_Translucent.uasset" 45
"../../../Engine/Content/EngineMaterials/Widget3DPassThrough_Translucent.uexp" 46
"../../../Engine/Content/EngineMaterials/Widget3DPassThrough_Translucent_OneSided.uasset" 47
"../../../Engine/Content/EngineMaterials/Widget3DPassThrough_Translucent_OneSided.uexp" 48
"../../../Engine/Content/EngineMaterials/Widget3DPassThrough_Opaque.uasset" 49
"../../../Engine/Content/EngineMaterials/Widget3DPassThrough_Opaque.uexp" 50
"../../../Engine/Content/EngineMaterials/Widget3DPassThrough_Opaque_OneSided.uasset" 51
"../../../Engine/Content/EngineMaterials/Widget3DPassThrough_Opaque_OneSided.uexp" 52
"../../../Engine/Content/EngineMaterials/Widget3DPassThrough_Masked_OneSided.uasset" 53
"../../../Engine/Content/EngineMaterials/Widget3DPassThrough_Masked_OneSided.uexp" 54
"../../../Engine/Content/EngineMaterials/Widget3DPassThrough_Masked.uasset" 55
"../../../Engine/Content/EngineMaterials/Widget3DPassThrough_Masked.uexp" 56
"../../../Engine/Content/EngineMaterials/WeightMapPlaceholderTexture.uasset" 57
"../../../Engine/Content/EngineMaterials/WeightMapPlaceholderTexture.uexp" 58
"../../../Engine/Content/EngineMaterials/RemoveSurfaceMaterial.uasset" 59
"../../../Engine/Content/EngineMaterials/RemoveSurfaceMaterial.uexp" 60
"../../../Engine/Content/EngineMaterials/PreintegratedSkinBRDF.uasset" 61
"../../../Engine/Content/EngineMaterials/PreintegratedSkinBRDF.uexp" 62
"../../../Engine/Content/Functions/Engine_MaterialFunctions02/WorldPositionOffset/CameraOffset.uasset" 63
"../../../Engine/Content/Functions/Engine_MaterialFunctions02/WorldPositionOffset/CameraOffset.uexp" 64
"../../../Engine/Content/EngineMaterials/PhAT_JointLimitMaterial.uasset" 65
"../../../Engine/Content/EngineMaterials/PhAT_JointLimitMaterial.uexp" 66
"../../../Engine/Content/EngineMaterials/InvalidLightmapSettings.ubulk" 67
"../../../Engine/Content/EngineMaterials/InvalidLightmapSettings.uasset" 68
"../../../Engine/Content/EngineMaterials/InvalidLightmapSettings.uexp" 69
"../../../Engine/Content/EngineMaterials/M_InvalidLightmapSettings.uasset" 70
"../../../Engine/Content/EngineMaterials/M_InvalidLightmapSettings.uexp" 71
"../../../Engine/Content/EngineMaterials/MiniFont.uasset" 72
"../../../Engine/Content/EngineMaterials/MiniFont.uexp" 73
"../../../Engine/Content/EngineMaterials/Good64x64TilingNoiseHighFreq.uasset" 74
"../../../Engine/Content/EngineMaterials/Good64x64TilingNoiseHighFreq.uexp" 75
"../../../Engine/Content/EngineMaterials/GizmoMaterial.uasset" 76
"../../../Engine/Content/EngineMaterials/GizmoMaterial.uexp" 77
"../../../Engine/Content/EngineMaterials/BaseFlattenEmissiveMap_VT.uasset" 78
"../../../Engine/Content/EngineMaterials/BaseFlattenEmissiveMap_VT.uexp" 79
"../../../Engine/Content/EngineMaterials/BaseFlattenGrayscaleMap_VT.uasset" 80
"../../../Engine/Content/EngineMaterials/BaseFlattenGrayscaleMap_VT.uexp" 81
"../../../Engine/Content/EngineMaterials/BaseFlattenLinearColor_VT.uasset" 82
"../../../Engine/Content/EngineMaterials/BaseFlattenLinearColor_VT.uexp" 83
"../../../Engine/Content/EngineMaterials/Black_1x1_EXR_Texture_VT.uasset" 84
"../../../Engine/Content/EngineMaterials/Black_1x1_EXR_Texture_VT.uexp" 85
"../../../Engine/Content/EngineMaterials/BaseFlattenDiffuseMap_VT.uasset" 86
"../../../Engine/Content/EngineMaterials/BaseFlattenDiffuseMap_VT.uexp" 87
"../../../Engine/Content/EngineMaterials/BaseFlattenNormalMap_VT.uasset" 88
"../../../Engine/Content/EngineMaterials/BaseFlattenNormalMap_VT.uexp" 89
"../../../Engine/Content/EngineMaterials/FlattenMaterial_WS_Normal_VT.uasset" 90
"../../../Engine/Content/EngineMaterials/FlattenMaterial_WS_Normal_VT.uexp" 91
"../../../Engine/Content/EngineMaterials/FlattenMaterial_VT.uasset" 92
"../../../Engine/Content/EngineMaterials/FlattenMaterial_VT.uexp" 93
"../../../Engine/Content/EngineMaterials/BaseFlattenNormalMap.uasset" 94
"../../../Engine/Content/EngineMaterials/BaseFlattenNormalMap.uexp" 95
"../../../Engine/Content/EngineMaterials/BaseFlattenGrayscaleMap.uasset" 96
"../../../Engine/Content/EngineMaterials/BaseFlattenGrayscaleMap.uexp" 97
"../../../Engine/Content/EngineMaterials/BaseFlattenDiffuseMap.uasset" 98
"../../../Engine/Content/EngineMaterials/BaseFlattenDiffuseMap.uexp" 99
"../../../Engine/Content/Functions/Engine_MaterialFunctions02/PivotPainter2/Black_1x1_EXR_Texture.uasset" 100
"../../../Engine/Content/Functions/Engine_MaterialFunctions02/PivotPainter2/Black_1x1_EXR_Texture.uexp" 101
"../../../Engine/Content/EngineMaterials/BaseFlattenEmissiveMap.uasset" 102
"../../../Engine/Content/EngineMaterials/BaseFlattenEmissiveMap.uexp" 103
"../../../Engine/Content/EngineMaterials/BaseFlattenLinearColor.uasset" 104
"../../../Engine/Content/EngineMaterials/BaseFlattenLinearColor.uexp" 105
"../../../Engine/Content/EngineMaterials/FlattenMaterial.uasset" 106
"../../../Engine/Content/EngineMaterials/FlattenMaterial.uexp" 107
"../../../Engine/Content/EngineMaterials/DefaultWhiteGrid_Low.uasset" 108
"../../../Engine/Content/EngineMaterials/DefaultWhiteGrid_Low.uexp" 109
"../../../Engine/Content/EngineMaterials/EmissiveMeshMaterial.uasset" 110
"../../../Engine/Content/EngineMaterials/EmissiveMeshMaterial.uexp" 111
"../../../Engine/Content/EngineMaterials/DefaultWhiteGrid.ubulk" 112
"../../../Engine/Content/EngineMaterials/DefaultWhiteGrid.uasset" 113
"../../../Engine/Content/EngineMaterials/DefaultWhiteGrid.uexp" 114
"../../../Engine/Content/EngineFonts/RobotoDistanceField.uasset" 115
"../../../Engine/Content/EngineFonts/RobotoDistanceField.uexp" 116
"../../../Engine/Content/EngineMaterials/DefaultTextMaterialOpaque.uasset" 117
"../../../Engine/Content/EngineMaterials/DefaultTextMaterialOpaque.uexp" 118
"../../../Engine/Content/EngineMaterials/DefaultDiffuse.ubulk" 119
"../../../Engine/Content/EngineMaterials/DefaultDiffuse.uasset" 120
"../../../Engine/Content/EngineMaterials/DefaultDiffuse.uexp" 121
"../../../Engine/Content/Functions/Engine_MaterialFunctions02/Utility/BreakOutFloat2Components.uasset" 122
"../../../Engine/Content/Functions/Engine_MaterialFunctions02/Utility/BreakOutFloat2Components.uexp" 123
"../../../Engine/Content/EngineMaterials/DefaultPostProcessMaterial.uasset" 124
"../../../Engine/Content/EngineMaterials/DefaultPostProcessMaterial.uexp" 125
"../../../Engine/Content/EngineMaterials/DefaultPhysicalMaterial.uasset" 126
"../../../Engine/Content/EngineMaterials/DefaultPhysicalMaterial.uexp" 127
"../../../Engine/Content/EngineMaterials/DefaultLightFunctionMaterial.uasset" 128
"../../../Engine/Content/EngineMaterials/DefaultLightFunctionMaterial.uexp" 129
"../../../Engine/Content/EngineMaterials/DefaultDestructiblePhysicalMaterial.uasset" 130
"../../../Engine/Content/EngineMaterials/DefaultDestructiblePhysicalMaterial.uexp" 131
"../../../Engine/Content/EngineMaterials/DefaultDeferredDecalMaterial.uasset" 132
"../../../Engine/Content/EngineMaterials/DefaultDeferredDecalMaterial.uexp" 133
"../../../Engine/Content/EngineMaterials/DefaultBokeh.uasset" 134
"../../../Engine/Content/EngineMaterials/DefaultBokeh.uexp" 135
"../../../Engine/Content/EngineMaterials/DefaultBloomKernel.uasset" 136
"../../../Engine/Content/EngineMaterials/DefaultBloomKernel.uexp" 137
"../../../Engine/Content/EngineMaterials/BlueNoise.uasset" 138
"../../../Engine/Content/EngineMaterials/BlueNoise.uexp" 139
"../../../Engine/Content/EngineFonts/Faces/RobotoLight.uexp" 140
"../../../Engine/Content/EngineFonts/Faces/RobotoLight.uasset" 141
"../../../Engine/Content/EngineFonts/Faces/RobotoLight.ufont" 142
"../../../Engine/Content/EngineFonts/Faces/RobotoBold.uexp" 143
"../../../Engine/Content/EngineFonts/Faces/RobotoBold.uasset" 144
"../../../Engine/Content/EngineFonts/Faces/RobotoBold.ufont" 145
"../../../Engine/Content/EngineFonts/Faces/RobotoRegular.uexp" 146
"../../../Engine/Content/EngineFonts/Faces/RobotoRegular.uasset" 147
"../../../Engine/Content/EngineFonts/Faces/RobotoRegular.ufont" 148
"../../../Engine/Content/EngineFonts/Faces/DroidSansFallback.uexp" 149
"../../../Engine/Content/EngineFonts/Faces/DroidSansFallback.uasset" 150
"../../../Engine/Content/EngineFonts/Faces/DroidSansFallback.ufont" 151
"../../../Engine/Content/EngineFonts/Faces/RobotoItalic.uexp" 152
"../../../Engine/Content/EngineFonts/Faces/RobotoItalic.uasset" 153
"../../../Engine/Content/EngineFonts/Faces/RobotoItalic.ufont" 154
"../../../Engine/Content/EngineFonts/Faces/RobotoBoldItalic.uexp" 155
"../../../Engine/Content/EngineFonts/Faces/RobotoBoldItalic.uasset" 156
"../../../Engine/Content/EngineFonts/Faces/RobotoBoldItalic.ufont" 157
"../../../Engine/Content/EngineFonts/Roboto.uasset" 158
"../../../Engine/Content/EngineFonts/Roboto.uexp" 159
"../../../Engine/Content/Functions/Engine_MaterialFunctions02/Utility/CameraDirectionVector.uasset" 160
"../../../Engine/Content/Functions/Engine_MaterialFunctions02/Utility/CameraDirectionVector.uexp" 161
"../../../Engine/Content/EngineDebugMaterials/VolumeToRender.uasset" 162
"../../../Engine/Content/EngineDebugMaterials/VolumeToRender.uexp" 163
"../../../Engine/Content/EngineDebugMaterials/M_VolumeRenderSphereTracePP.uasset" 164
"../../../Engine/Content/EngineDebugMaterials/M_VolumeRenderSphereTracePP.uexp" 165
"../../../Engine/Content/EngineDebugMaterials/M_SimpleUnlitTranslucent.uasset" 166
"../../../Engine/Content/EngineDebugMaterials/M_SimpleUnlitTranslucent.uexp" 167
"../../../Engine/Content/EngineDebugMaterials/DebugMeshMaterial.uasset" 168
"../../../Engine/Content/EngineDebugMaterials/DebugMeshMaterial.uexp" 169
"../../../Engine/Content/EngineDebugMaterials/DebugEditorMaterial.uasset" 170
"../../../Engine/Content/EngineDebugMaterials/DebugEditorMaterial.uexp" 171
"../../../Engine/Content/EngineDamageTypes/DmgTypeBP_Environmental.uasset" 172
"../../../Engine/Content/EngineDamageTypes/DmgTypeBP_Environmental.uexp" 173
"../../../Engine/Content/EditorResources/S_TriggerSphere.uasset" 174
"../../../Engine/Content/EditorResources/S_TriggerSphere.uexp" 175
"../../../Engine/Content/EditorResources/S_TriggerCapsule.uasset" 176
"../../../Engine/Content/EditorResources/S_TriggerCapsule.uexp" 177
"../../../Engine/Content/EditorResources/S_TriggerBox.uasset" 178
"../../../Engine/Content/EditorResources/S_TriggerBox.uexp" 179
"../../../Engine/Content/EditorResources/S_Trigger.ubulk" 180
"../../../Engine/Content/EditorResources/S_Trigger.uasset" 181
"../../../Engine/Content/EditorResources/S_Trigger.uexp" 182
"../../../Engine/Content/EditorResources/S_Terrain.ubulk" 183
"../../../Engine/Content/EditorResources/S_Terrain.uasset" 184
"../../../Engine/Content/EditorResources/S_Terrain.uexp" 185
"../../../Engine/Content/EditorResources/S_Solver.ubulk" 186
"../../../Engine/Content/EditorResources/S_Solver.uasset" 187
"../../../Engine/Content/EditorResources/S_Solver.uexp" 188
"../../../Engine/Content/EditorResources/S_BoxReflectionCapture.uasset" 189
"../../../Engine/Content/EditorResources/S_BoxReflectionCapture.uexp" 190
"../../../Engine/Content/EditorResources/S_Actor.ubulk" 191
"../../../Engine/Content/EditorResources/S_Actor.uasset" 192
"../../../Engine/Content/EditorResources/S_Actor.uexp" 193
"../../../Engine/Content/EditorResources/EmptyActor.uasset" 194
"../../../Engine/Content/EditorResources/EmptyActor.uexp" 195
"../../../Engine/Content/EditorResources/BSPVertex.uasset" 196
"../../../Engine/Content/EditorResources/BSPVertex.uexp" 197
"../../../Engine/Content/EditorResources/SequenceRecorder/RecordingIndicator.uasset" 198
"../../../Engine/Content/EditorResources/SequenceRecorder/RecordingIndicator.uexp" 199
"../../../Engine/Content/EditorResources/SequenceRecorder/Countdown.uasset" 200
"../../../Engine/Content/EditorResources/SequenceRecorder/Countdown.uexp" 201
"../../../Engine/Content/EditorResources/LightIcons/S_LightError.uasset" 202
"../../../Engine/Content/EditorResources/LightIcons/S_LightError.uexp" 203
"../../../Engine/Content/EditorMaterials/Camera/CineMat.uasset" 204
"../../../Engine/Content/EditorMaterials/Camera/CineMat.uexp" 205
"../../../Engine/Content/EditorMaterials/Camera/MI_CineMat_Rig.uasset" 206
"../../../Engine/Content/EditorMaterials/Camera/MI_CineMat_Rig.uexp" 207
"../../../Engine/Content/EditorMeshes/Camera/SM_RailRig_Track.uasset" 208
"../../../Engine/Content/EditorMeshes/Camera/SM_RailRig_Track.uexp" 209
"../../../Engine/Content/EditorMeshes/Camera/SM_RailRig_Mount.uasset" 210
"../../../Engine/Content/EditorMeshes/Camera/SM_RailRig_Mount.uexp" 211
"../../../Engine/Content/EditorMeshes/Camera/SM_CraneRig_Mount.uasset" 212
"../../../Engine/Content/EditorMeshes/Camera/SM_CraneRig_Mount.uexp" 213
"../../../Engine/Content/EditorMeshes/Camera/SM_CraneRig_Body.uasset" 214
"../../../Engine/Content/EditorMeshes/Camera/SM_CraneRig_Body.uexp" 215
"../../../Engine/Content/EditorMeshes/Camera/SM_CraneRig_Base.uasset" 216
"../../../Engine/Content/EditorMeshes/Camera/SM_CraneRig_Base.uexp" 217
"../../../Engine/Content/EditorMeshes/Camera/SM_CraneRig_Arm.uasset" 218
"../../../Engine/Content/EditorMeshes/Camera/SM_CraneRig_Arm.uexp" 219
"../../../Engine/Content/EditorMaterials/PreviewShadowIndicator.ubulk" 220
"../../../Engine/Content/EditorMaterials/PreviewShadowIndicator.uasset" 221
"../../../Engine/Content/EditorMaterials/PreviewShadowIndicator.uexp" 222
"../../../Engine/Content/EditorMaterials/PreviewShadowIndicatorMaterial.uasset" 223
"../../../Engine/Content/EditorMaterials/PreviewShadowIndicatorMaterial.uexp" 224
"../../../Engine/Content/EditorMaterials/MAT_Groups_Visibility.uasset" 225
"../../../Engine/Content/EditorMaterials/MAT_Groups_Visibility.uexp" 226
"../../../Engine/Content/EditorMaterials/MAT_Groups_Toggle.uasset" 227
"../../../Engine/Content/EditorMaterials/MAT_Groups_Toggle.uexp" 228
"../../../Engine/Content/Functions/Engine_MaterialFunctions02/Utility/MakeFloat4.uasset" 229
"../../../Engine/Content/Functions/Engine_MaterialFunctions02/Utility/MakeFloat4.uexp" 230
"../../../Engine/Content/Functions/Engine_MaterialFunctions02/Utility/MakeFloat3.uasset" 231
"../../../Engine/Content/Functions/Engine_MaterialFunctions02/Utility/MakeFloat3.uexp" 232
"../../../Engine/Content/Functions/Engine_MaterialFunctions02/Utility/BreakOutFloat3Components.uasset" 233
"../../../Engine/Content/Functions/Engine_MaterialFunctions02/Utility/BreakOutFloat3Components.uexp" 234
"../../../Engine/Content/EditorMaterials/WorldPartition/WorldPartitionSpatialHashGridPreviewMaterial.uasset" 235
"../../../Engine/Content/EditorMaterials/WorldPartition/WorldPartitionSpatialHashGridPreviewMaterial.uexp" 236
"../../../Engine/Content/EditorMaterials/ParticleSystems/PSysThumbnail_OOD.ubulk" 237
"../../../Engine/Content/EditorMaterials/ParticleSystems/PSysThumbnail_OOD.uasset" 238
"../../../Engine/Content/EditorMaterials/ParticleSystems/PSysThumbnail_OOD.uexp" 239
"../../../Engine/Content/EditorMaterials/ParticleSystems/PSysThumbnail_NoImage.ubulk" 240
"../../../Engine/Content/EditorMaterials/ParticleSystems/PSysThumbnail_NoImage.uasset" 241
"../../../Engine/Content/EditorMaterials/ParticleSystems/PSysThumbnail_NoImage.uexp" 242
"../../../Engine/Content/EditorMaterials/MatineeGroups/MAT_Groups_Vector.uasset" 243
"../../../Engine/Content/EditorMaterials/MatineeGroups/MAT_Groups_Vector.uexp" 244
"../../../Engine/Content/EditorMaterials/MatineeGroups/MAT_Groups_Sound.uasset" 245
"../../../Engine/Content/EditorMaterials/MatineeGroups/MAT_Groups_Sound.uexp" 246
"../../../Engine/Content/EditorMaterials/MatineeGroups/MAT_Groups_Slomo.uasset" 247
"../../../Engine/Content/EditorMaterials/MatineeGroups/MAT_Groups_Slomo.uexp" 248
"../../../Engine/Content/EditorMaterials/MatineeGroups/MAT_Groups_Move.uasset" 249
"../../../Engine/Content/EditorMaterials/MatineeGroups/MAT_Groups_Move.uexp" 250
"../../../Engine/Content/EditorMaterials/MatineeGroups/MAT_Groups_Float.uasset" 251
"../../../Engine/Content/EditorMaterials/MatineeGroups/MAT_Groups_Float.uexp" 252
"../../../Engine/Content/EditorMaterials/MatineeGroups/MAT_Groups_Fade.uasset" 253
"../../../Engine/Content/EditorMaterials/MatineeGroups/MAT_Groups_Fade.uexp" 254
"../../../Engine/Content/EditorMaterials/MatineeGroups/MAT_Groups_Event.uasset" 255
"../../../Engine/Content/EditorMaterials/MatineeGroups/MAT_Groups_Event.uexp" 256
"../../../Engine/Content/EditorMaterials/MatineeGroups/MAT_Groups_Director.uasset" 257
"../../../Engine/Content/EditorMaterials/MatineeGroups/MAT_Groups_Director.uexp" 258
"../../../Engine/Content/EditorMaterials/MatineeGroups/MAT_Groups_AudioMaster.uasset" 259
"../../../Engine/Content/EditorMaterials/MatineeGroups/MAT_Groups_AudioMaster.uexp" 260
"../../../Engine/Content/EditorMaterials/MatineeGroups/MAT_Groups_Anim.uasset" 261
"../../../Engine/Content/EditorMaterials/MatineeGroups/MAT_Groups_Anim.uexp" 262
"../../../Engine/Content/EditorMaterials/MatineeGroups/MAT_ColorTrack.uasset" 263
"../../../Engine/Content/EditorMaterials/MatineeGroups/MAT_ColorTrack.uexp" 264
"../../../Engine/Content/EditorLandscapeResources/DefaultAlphaTexture.uasset" 265
"../../../Engine/Content/EditorLandscapeResources/DefaultAlphaTexture.uexp" 266
"../../../Engine/Content/EditorLandscapeResources/DataLayer.uasset" 267
"../../../Engine/Content/EditorLandscapeResources/DataLayer.uexp" 268
"../../../Engine/Content/EngineMaterials/T_Default_Material_Grid_M.ubulk" 269
"../../../Engine/Content/EngineMaterials/T_Default_Material_Grid_M.uasset" 270
"../../../Engine/Content/EngineMaterials/T_Default_Material_Grid_M.uexp" 271
"../../../Engine/Content/EngineMaterials/T_Default_Material_Grid_N.ubulk" 272
"../../../Engine/Content/EngineMaterials/T_Default_Material_Grid_N.uasset" 273
"../../../Engine/Content/EngineMaterials/T_Default_Material_Grid_N.uexp" 274
"../../../Engine/Content/Functions/Engine_MaterialFunctions01/Opacity/CameraDepthFade.uasset" 275
"../../../Engine/Content/Functions/Engine_MaterialFunctions01/Opacity/CameraDepthFade.uexp" 276
"../../../Engine/Content/EngineMaterials/WorldGridMaterial.uasset" 277
"../../../Engine/Content/EngineMaterials/WorldGridMaterial.uexp" 278
"../../../Engine/Content/BasicShapes/Plane.uasset" 279
"../../../Engine/Content/BasicShapes/Plane.uexp" 280
"../../../Engine/Content/EngineMaterials/DefaultMaterial.uasset" 281
"../../../Engine/Content/EngineMaterials/DefaultMaterial.uexp" 282
"../../../Engine/Content/BasicShapes/Cylinder.uasset" 283
"../../../Engine/Content/BasicShapes/Cylinder.uexp" 284
"../../../Engine/Content/BasicShapes/Cube.uasset" 285
"../../../Engine/Content/BasicShapes/Cube.uexp" 286
"../../../Engine/Content/BasicShapes/Cone.uasset" 287
"../../../Engine/Content/BasicShapes/Cone.uexp" 288
"../../../Engine/Content/ArtTools/RenderToTexture/Meshes/S_1_Unit_Plane.uasset" 289
"../../../Engine/Content/ArtTools/RenderToTexture/Meshes/S_1_Unit_Plane.uexp" 290
"../../../Engine/Content/Tutorial/ContentIntroCurve.uasset" 291
"../../../Engine/Content/Tutorial/ContentIntroCurve.uexp" 292
"../../../Engine/Content/VREditor/TransformGizmo/Main.uasset" 293
"../../../Engine/Content/VREditor/TransformGizmo/Main.uexp" 294
"../../../Engine/Content/VREditor/TransformGizmo/Xray.uasset" 295
"../../../Engine/Content/VREditor/TransformGizmo/Xray.uexp" 296
"../../../Engine/Content/VREditor/TransformGizmo/SM_Sequencer_Node.uasset" 297
"../../../Engine/Content/VREditor/TransformGizmo/SM_Sequencer_Node.uexp" 298
"../../../Engine/Content/VREditor/LaserPointer/VR_LaserPower_01.ubulk" 299
"../../../Engine/Content/VREditor/LaserPointer/VR_LaserPower_01.uasset" 300
"../../../Engine/Content/VREditor/LaserPointer/VR_LaserPower_01.uexp" 301
"../../../Engine/Content/VREditor/TransformGizmo/TransformGizmoMaterial.uasset" 302
"../../../Engine/Content/VREditor/TransformGizmo/TransformGizmoMaterial.uexp" 303
"../../../Engine/Content/VREditor/TransformGizmo/TranslucentTransformGizmoMaterial.uasset" 304
"../../../Engine/Content/VREditor/TransformGizmo/TranslucentTransformGizmoMaterial.uexp" 305
"../../../Engine/Content/VREditor/TransformGizmo/PlaneTranslationHandle.uasset" 306
"../../../Engine/Content/VREditor/TransformGizmo/PlaneTranslationHandle.uexp" 307
"../../../Engine/Content/VREditor/TransformGizmo/BoundingBoxEdge.uasset" 308
"../../../Engine/Content/VREditor/TransformGizmo/BoundingBoxEdge.uexp" 309
"../../../Engine/Content/VREditor/TransformGizmo/BoundingBoxCorner.uasset" 310
"../../../Engine/Content/VREditor/TransformGizmo/BoundingBoxCorner.uexp" 311
"../../../Engine/Plugins/2D/Paper2D/Content/PlaceholderTextures/DummySpriteTexture.ubulk" 312
"../../../Engine/Plugins/2D/Paper2D/Content/PlaceholderTextures/DummySpriteTexture.uasset" 313
"../../../Engine/Plugins/2D/Paper2D/Content/PlaceholderTextures/DummySpriteTexture.uexp" 314
"../../../Engine/Plugins/2D/Paper2D/Content/DefaultSpriteMaterial.uasset" 315
"../../../Engine/Plugins/2D/Paper2D/Content/DefaultSpriteMaterial.uexp" 316
"../../../Engine/Plugins/2D/Paper2D/Content/OpaqueUnlitSpriteMaterial.uasset" 317
"../../../Engine/Plugins/2D/Paper2D/Content/OpaqueUnlitSpriteMaterial.uexp" 318
"../../../Engine/Plugins/2D/Paper2D/Content/MaskedUnlitSpriteMaterial.uasset" 319
"../../../Engine/Plugins/2D/Paper2D/Content/MaskedUnlitSpriteMaterial.uexp" 320
"../../../Engine/Plugins/2D/Paper2D/Content/DummySprite.uasset" 321
"../../../Engine/Plugins/2D/Paper2D/Content/DummySprite.uexp" 322
"../../../Engine/Plugins/2D/Paper2D/Content/DefaultPaperTerrainMaterial.uasset" 323
"../../../Engine/Plugins/2D/Paper2D/Content/DefaultPaperTerrainMaterial.uexp" 324
"../../../Engine/Plugins/Animation/ControlRig/Content/M_Manip.uasset" 325
"../../../Engine/Plugins/Animation/ControlRig/Content/M_Manip.uexp" 326
"../../../Engine/Plugins/Animation/ControlRig/Content/Controls/DefaultGizmoLibraryNormalized.uasset" 327
"../../../Engine/Plugins/Animation/ControlRig/Content/Controls/DefaultGizmoLibraryNormalized.uexp" 328
"../../../Engine/Plugins/Animation/ControlRig/Content/Controls/ControlRig_Wedge_solid.uasset" 329
"../../../Engine/Plugins/Animation/ControlRig/Content/Controls/ControlRig_Wedge_solid.uexp" 330
"../../../Engine/Plugins/Animation/ControlRig/Content/Controls/ControlRig_Wedge_3mm.uasset" 331
"../../../Engine/Plugins/Animation/ControlRig/Content/Controls/ControlRig_Wedge_3mm.uexp" 332
"../../../Engine/Plugins/Animation/ControlRig/Content/Controls/ControlRig_Wedge_1mm.uasset" 333
"../../../Engine/Plugins/Animation/ControlRig/Content/Controls/ControlRig_Wedge_1mm.uexp" 334
"../../../Engine/Plugins/Animation/ControlRig/Content/Controls/ControlRig_Triangle_solid.uasset" 335
"../../../Engine/Plugins/Animation/ControlRig/Content/Controls/ControlRig_Triangle_solid.uexp" 336
"../../../Engine/Plugins/Animation/ControlRig/Content/Controls/ControlRig_Triangle_3mm.uasset" 337
"../../../Engine/Plugins/Animation/ControlRig/Content/Controls/ControlRig_Triangle_3mm.uexp" 338
"../../../Engine/Plugins/Animation/ControlRig/Content/Controls/ControlRig_Triangle_1mm.uasset" 339
"../../../Engine/Plugins/Animation/ControlRig/Content/Controls/ControlRig_Triangle_1mm.uexp" 340
"../../../Engine/Plugins/Animation/ControlRig/Content/Controls/ControlRig_Star4_solid.uasset" 341
"../../../Engine/Plugins/Animation/ControlRig/Content/Controls/ControlRig_Star4_solid.uexp" 342
"../../../Engine/Plugins/Animation/ControlRig/Content/Controls/ControlRig_Star4_3mm.uasset" 343
"../../../Engine/Plugins/Animation/ControlRig/Content/Controls/ControlRig_Star4_3mm.uexp" 344
"../../../Engine/Plugins/Animation/ControlRig/Content/Controls/ControlRig_Star4_1mm.uasset" 345
"../../../Engine/Plugins/Animation/ControlRig/Content/Controls/ControlRig_Star4_1mm.uexp" 346
"../../../Engine/Plugins/Animation/ControlRig/Content/Controls/ControlRig_Square_solid.uasset" 347
"../../../Engine/Plugins/Animation/ControlRig/Content/Controls/ControlRig_Square_solid.uexp" 348
"../../../Engine/Plugins/Animation/ControlRig/Content/Controls/ControlRig_Square_3mm.uasset" 349
"../../../Engine/Plugins/Animation/ControlRig/Content/Controls/ControlRig_Square_3mm.uexp" 350
"../../../Engine/Plugins/Animation/ControlRig/Content/Controls/ControlRig_Square_1mm.uasset" 351
"../../../Engine/Plugins/Animation/ControlRig/Content/Controls/ControlRig_Square_1mm.uexp" 352
"../../../Engine/Plugins/Animation/ControlRig/Content/Controls/ControlRig_Sphere_solid.uasset" 353
"../../../Engine/Plugins/Animation/ControlRig/Content/Controls/ControlRig_Sphere_solid.uexp" 354
"../../../Engine/Plugins/Animation/ControlRig/Content/Controls/ControlRig_Sphere_3mm.uasset" 355
"../../../Engine/Plugins/Animation/ControlRig/Content/Controls/ControlRig_Sphere_3mm.uexp" 356
"../../../Engine/Plugins/Animation/ControlRig/Content/Controls/ControlRig_Sphere_1mm.uasset" 357
"../../../Engine/Plugins/Animation/ControlRig/Content/Controls/ControlRig_Sphere_1mm.uexp" 358
"../../../Engine/Plugins/Animation/ControlRig/Content/Controls/ControlRig_RoundedTriangle_solid.uasset" 359
"../../../Engine/Plugins/Animation/ControlRig/Content/Controls/ControlRig_RoundedTriangle_solid.uexp" 360
"../../../Engine/Plugins/Animation/ControlRig/Content/Controls/ControlRig_RoundedTriangle_3mm.uasset" 361
"../../../Engine/Plugins/Animation/ControlRig/Content/Controls/ControlRig_RoundedTriangle_3mm.uexp" 362
"../../../Engine/Plugins/Animation/ControlRig/Content/Controls/ControlRig_RoundedTriangle_1mm.uasset" 363
"../../../Engine/Plugins/Animation/ControlRig/Content/Controls/ControlRig_RoundedTriangle_1mm.uexp" 364
"../../../Engine/Plugins/Animation/ControlRig/Content/Controls/ControlRig_RoundedSquare_solid.uasset" 365
"../../../Engine/Plugins/Animation/ControlRig/Content/Controls/ControlRig_RoundedSquare_solid.uexp" 366
"../../../Engine/Plugins/Animation/ControlRig/Content/Controls/ControlRig_RoundedSquare_3mm.uasset" 367
"../../../Engine/Plugins/Animation/ControlRig/Content/Controls/ControlRig_RoundedSquare_3mm.uexp" 368
"../../../Engine/Plugins/Animation/ControlRig/Content/Controls/ControlRig_RoundedSquare_1mm.uasset" 369
"../../../Engine/Plugins/Animation/ControlRig/Content/Controls/ControlRig_RoundedSquare_1mm.uexp" 370
"../../../Engine/Plugins/Animation/ControlRig/Content/Controls/ControlRig_QuarterCircle_solid.uasset" 371
"../../../Engine/Plugins/Animation/ControlRig/Content/Controls/ControlRig_QuarterCircle_solid.uexp" 372
"../../../Engine/Plugins/Animation/ControlRig/Content/Controls/ControlRig_QuarterCircle_3mm.uasset" 373
"../../../Engine/Plugins/Animation/ControlRig/Content/Controls/ControlRig_QuarterCircle_3mm.uexp" 374
"../../../Engine/Plugins/Animation/ControlRig/Content/Controls/ControlRig_QuarterCircle_1mm.uasset" 375
"../../../Engine/Plugins/Animation/ControlRig/Content/Controls/ControlRig_QuarterCircle_1mm.uexp" 376
"../../../Engine/Plugins/Animation/ControlRig/Content/Controls/ControlRig_Pyramid_solid.uasset" 377
"../../../Engine/Plugins/Animation/ControlRig/Content/Controls/ControlRig_Pyramid_solid.uexp" 378
"../../../Engine/Plugins/Animation/ControlRig/Content/Controls/ControlRig_Pyramid_3mm.uasset" 379
"../../../Engine/Plugins/Animation/ControlRig/Content/Controls/ControlRig_Pyramid_3mm.uexp" 380
"../../../Engine/Plugins/Animation/ControlRig/Content/Controls/ControlRig_Pyramid_1mm.uasset" 381
"../../../Engine/Plugins/Animation/ControlRig/Content/Controls/ControlRig_Pyramid_1mm.uexp" 382
"../../../Engine/Plugins/Animation/ControlRig/Content/Controls/ControlRig_Octagon_solid.uasset" 383
"../../../Engine/Plugins/Animation/ControlRig/Content/Controls/ControlRig_Octagon_solid.uexp" 384
"../../../Engine/Plugins/Animation/ControlRig/Content/Controls/ControlRig_Octagon_3mm.uasset" 385
"../../../Engine/Plugins/Animation/ControlRig/Content/Controls/ControlRig_Octagon_3mm.uexp" 386
"../../../Engine/Plugins/Animation/ControlRig/Content/Controls/ControlRig_Octagon_1mm.uasset" 387
"../../../Engine/Plugins/Animation/ControlRig/Content/Controls/ControlRig_Octagon_1mm.uexp" 388
"../../../Engine/Plugins/Animation/ControlRig/Content/Controls/ControlRig_Hexagon_solid.uasset" 389
"../../../Engine/Plugins/Animation/ControlRig/Content/Controls/ControlRig_Hexagon_solid.uexp" 390
"../../../Engine/Plugins/Animation/ControlRig/Content/Controls/ControlRig_Hexagon_3mm.uasset" 391
"../../../Engine/Plugins/Animation/ControlRig/Content/Controls/ControlRig_Hexagon_3mm.uexp" 392
"../../../Engine/Plugins/Animation/ControlRig/Content/Controls/ControlRig_Hexagon_1mm.uasset" 393
"../../../Engine/Plugins/Animation/ControlRig/Content/Controls/ControlRig_Hexagon_1mm.uexp" 394
"../../../Engine/Plugins/Animation/ControlRig/Content/Controls/ControlRig_HalfCircle_solid.uasset" 395
"../../../Engine/Plugins/Animation/ControlRig/Content/Controls/ControlRig_HalfCircle_solid.uexp" 396
"../../../Engine/Plugins/Animation/ControlRig/Content/Controls/ControlRig_HalfCircle_3mm.uasset" 397
"../../../Engine/Plugins/Animation/ControlRig/Content/Controls/ControlRig_HalfCircle_3mm.uexp" 398
"../../../Engine/Plugins/Animation/ControlRig/Content/Controls/ControlRig_HalfCircle_1mm.uasset" 399
"../../../Engine/Plugins/Animation/ControlRig/Content/Controls/ControlRig_HalfCircle_1mm.uexp" 400
"../../../Engine/Plugins/Animation/ControlRig/Content/Controls/ControlRig_Diamond_solid.uasset" 401
"../../../Engine/Plugins/Animation/ControlRig/Content/Controls/ControlRig_Diamond_solid.uexp" 402
"../../../Engine/Plugins/Animation/ControlRig/Content/Controls/ControlRig_Diamond_3mm.uasset" 403
"../../../Engine/Plugins/Animation/ControlRig/Content/Controls/ControlRig_Diamond_3mm.uexp" 404
"../../../Engine/Plugins/Animation/ControlRig/Content/Controls/ControlRig_Diamond_1mm.uasset" 405
"../../../Engine/Plugins/Animation/ControlRig/Content/Controls/ControlRig_Diamond_1mm.uexp" 406
"../../../Engine/Plugins/Animation/ControlRig/Content/Controls/ControlRig_Circle_solid.uasset" 407
"../../../Engine/Plugins/Animation/ControlRig/Content/Controls/ControlRig_Circle_solid.uexp" 408
"../../../Engine/Plugins/Animation/ControlRig/Content/Controls/ControlRig_Circle_3mm.uasset" 409
"../../../Engine/Plugins/Animation/ControlRig/Content/Controls/ControlRig_Circle_3mm.uexp" 410
"../../../Engine/Plugins/Animation/ControlRig/Content/Controls/ControlRig_Circle_1mm.uasset" 411
"../../../Engine/Plugins/Animation/ControlRig/Content/Controls/ControlRig_Circle_1mm.uexp" 412
"../../../Engine/Plugins/Animation/ControlRig/Content/Controls/ControlRig_Box_solid.uasset" 413
"../../../Engine/Plugins/Animation/ControlRig/Content/Controls/ControlRig_Box_solid.uexp" 414
"../../../Engine/Plugins/Animation/ControlRig/Content/Controls/ControlRig_Box_3mm.uasset" 415
"../../../Engine/Plugins/Animation/ControlRig/Content/Controls/ControlRig_Box_3mm.uexp" 416
"../../../Engine/Plugins/Animation/ControlRig/Content/Controls/ControlRig_Box_1mm.uasset" 417
"../../../Engine/Plugins/Animation/ControlRig/Content/Controls/ControlRig_Box_1mm.uexp" 418
"../../../Engine/Plugins/Animation/ControlRig/Content/Controls/ControlRig_Arrow_solid.uasset" 419
"../../../Engine/Plugins/Animation/ControlRig/Content/Controls/ControlRig_Arrow_solid.uexp" 420
"../../../Engine/Plugins/Animation/ControlRig/Content/Controls/ControlRig_Arrow_3mm.uasset" 421
"../../../Engine/Plugins/Animation/ControlRig/Content/Controls/ControlRig_Arrow_3mm.uexp" 422
"../../../Engine/Plugins/Animation/ControlRig/Content/Controls/ControlRig_Arrow_1mm.uasset" 423
"../../../Engine/Plugins/Animation/ControlRig/Content/Controls/ControlRig_Arrow_1mm.uexp" 424
"../../../Engine/Plugins/Animation/ControlRig/Content/Controls/ControlRig_Arrow4_solid.uasset" 425
"../../../Engine/Plugins/Animation/ControlRig/Content/Controls/ControlRig_Arrow4_solid.uexp" 426
"../../../Engine/Plugins/Animation/ControlRig/Content/Controls/ControlRig_Arrow4_3mm.uasset" 427
"../../../Engine/Plugins/Animation/ControlRig/Content/Controls/ControlRig_Arrow4_3mm.uexp" 428
"../../../Engine/Plugins/Animation/ControlRig/Content/Controls/ControlRig_Arrow4_1mm.uasset" 429
"../../../Engine/Plugins/Animation/ControlRig/Content/Controls/ControlRig_Arrow4_1mm.uexp" 430
"../../../Engine/Plugins/Animation/ControlRig/Content/Controls/ControlRig_Arrow2_solid.uasset" 431
"../../../Engine/Plugins/Animation/ControlRig/Content/Controls/ControlRig_Arrow2_solid.uexp" 432
"../../../Engine/Plugins/Animation/ControlRig/Content/Controls/ControlRig_Arrow2_3mm.uasset" 433
"../../../Engine/Plugins/Animation/ControlRig/Content/Controls/ControlRig_Arrow2_3mm.uexp" 434
"../../../Engine/Plugins/Animation/ControlRig/Content/Controls/ControlRig_Arrow2_1mm.uasset" 435
"../../../Engine/Plugins/Animation/ControlRig/Content/Controls/ControlRig_Arrow2_1mm.uexp" 436
"../../../Engine/Plugins/Animation/ControlRig/Content/Controls/ControlRigGizmoMaterial.uasset" 437
"../../../Engine/Plugins/Animation/ControlRig/Content/Controls/ControlRigGizmoMaterial.uexp" 438
"../../../Engine/Plugins/Editor/SpeedTreeImporter/Content/SpeedTree9/game_wind_noise.ubulk" 439
"../../../Engine/Plugins/Editor/SpeedTreeImporter/Content/SpeedTree9/game_wind_noise.uasset" 440
"../../../Engine/Plugins/Editor/SpeedTreeImporter/Content/SpeedTree9/game_wind_noise.uexp" 441
"../../../Engine/Plugins/Editor/SpeedTreeImporter/Content/SpeedTree9/UnpackDirection.uasset" 442
"../../../Engine/Plugins/Editor/SpeedTreeImporter/Content/SpeedTree9/UnpackDirection.uexp" 443
"../../../Engine/Content/Functions/Engine_MaterialFunctions02/ObjectLocalBounds.uasset" 444
"../../../Engine/Content/Functions/Engine_MaterialFunctions02/ObjectLocalBounds.uexp" 445
"../../../Engine/Content/Functions/Engine_MaterialFunctions02/UVs/BoundingBoxBased_0-1_UVW.uasset" 446
"../../../Engine/Content/Functions/Engine_MaterialFunctions02/UVs/BoundingBoxBased_0-1_UVW.uexp" 447
"../../../Engine/Content/Functions/Engine_MaterialFunctions02/Utility/VectorLength.uasset" 448
"../../../Engine/Content/Functions/Engine_MaterialFunctions02/Utility/VectorLength.uexp" 449
"../../../Engine/Plugins/Editor/SpeedTreeImporter/Content/SpeedTree9/UnpackInteger3.uasset" 450
"../../../Engine/Plugins/Editor/SpeedTreeImporter/Content/SpeedTree9/UnpackInteger3.uexp" 451
"../../../Engine/Plugins/Editor/SpeedTreeImporter/Content/SpeedTree9/SpeedTreeCameraFacing.uasset" 452
"../../../Engine/Plugins/Editor/SpeedTreeImporter/Content/SpeedTree9/SpeedTreeCameraFacing.uexp" 453
"../../../Engine/Content/Functions/Engine_MaterialFunctions02/WorldPositionOffset/ObjectScale.uasset" 454
"../../../Engine/Content/Functions/Engine_MaterialFunctions02/WorldPositionOffset/ObjectScale.uexp" 455
"../../../Engine/Content/Functions/Engine_MaterialFunctions02/SafeNormalize.uasset" 456
"../../../Engine/Content/Functions/Engine_MaterialFunctions02/SafeNormalize.uexp" 457
"../../../Engine/Plugins/Editor/SpeedTreeImporter/Content/SpeedTree9/SpeedTreeWindMotion.uasset" 458
"../../../Engine/Plugins/Editor/SpeedTreeImporter/Content/SpeedTree9/SpeedTreeWindMotion.uexp" 459
"../../../Engine/Plugins/Editor/SpeedTreeImporter/Content/SpeedTree9/SpeedTreeBranchMotion.uasset" 460
"../../../Engine/Plugins/Editor/SpeedTreeImporter/Content/SpeedTree9/SpeedTreeBranchMotion.uexp" 461
"../../../Engine/Plugins/Editor/SpeedTreeImporter/Content/SpeedTree9/SpeedTreeWind.uasset" 462
"../../../Engine/Plugins/Editor/SpeedTreeImporter/Content/SpeedTree9/SpeedTreeWind.uexp" 463
"../../../Engine/Plugins/Editor/SpeedTreeImporter/Content/SpeedTree9/EmptyNormal.uasset" 464
"../../../Engine/Plugins/Editor/SpeedTreeImporter/Content/SpeedTree9/EmptyNormal.uexp" 465
"../../../Engine/Plugins/Editor/SpeedTreeImporter/Content/SpeedTree9/Empty.uasset" 466
"../../../Engine/Plugins/Editor/SpeedTreeImporter/Content/SpeedTree9/Empty.uexp" 467
"../../../Engine/Plugins/Editor/SpeedTreeImporter/Content/SpeedTree9/SpeedTreeMaster.uasset" 468
"../../../Engine/Plugins/Editor/SpeedTreeImporter/Content/SpeedTree9/SpeedTreeMaster.uexp" 469
"../../../Engine/Plugins/Editor/SpeedTreeImporter/Content/SpeedTree9/SpeedTreeBillboard.uasset" 470
"../../../Engine/Plugins/Editor/SpeedTreeImporter/Content/SpeedTree9/SpeedTreeBillboard.uexp" 471
"../../../Engine/Plugins/Editor/SpeedTreeImporter/Content/SpeedTree9/SpeedTreeBillboardMaster.uasset" 472
"../../../Engine/Plugins/Editor/SpeedTreeImporter/Content/SpeedTree9/SpeedTreeBillboardMaster.uexp" 473
"../../../Engine/Plugins/Runtime/HairStrands/Content/Materials/HairMeshesDefaultMaterial.uasset" 474
"../../../Engine/Plugins/Runtime/HairStrands/Content/Materials/HairMeshesDefaultMaterial.uexp" 475
"../../../Engine/Plugins/Runtime/HairStrands/Content/Materials/HairDefaultMaterial.uasset" 476
"../../../Engine/Plugins/Runtime/HairStrands/Content/Materials/HairDefaultMaterial.uexp" 477
"../../../Engine/Plugins/Runtime/HairStrands/Content/Materials/HairGroupColors.uasset" 478
"../../../Engine/Plugins/Runtime/HairStrands/Content/Materials/HairGroupColors.uexp" 479
"../../../Engine/Content/EngineMaterials/HairColorMap.uasset" 480
"../../../Engine/Content/EngineMaterials/HairColorMap.uexp" 481
"../../../Engine/Content/EngineMaterials/HairDebugColor.uasset" 482
"../../../Engine/Content/EngineMaterials/HairDebugColor.uexp" 483
"../../../Engine/Plugins/Runtime/HairStrands/Content/Materials/HairDebugMaterial.uasset" 484
"../../../Engine/Plugins/Runtime/HairStrands/Content/Materials/HairDebugMaterial.uexp" 485
"../../../Engine/Plugins/Runtime/HairStrands/Content/Materials/HairCardsDefaultMaterial.uasset" 486
"../../../Engine/Plugins/Runtime/HairStrands/Content/Materials/HairCardsDefaultMaterial.uexp" 487
"../../../Engine/Plugins/Runtime/Oculus/OculusVR/Content/Materials/PokeAHoleMaterial.uasset" 488
"../../../Engine/Plugins/Runtime/Oculus/OculusVR/Content/Materials/PokeAHoleMaterial.uexp" 489
"../../../Engine/Plugins/Runtime/Oculus/OculusVR/Content/Materials/OculusMR_OpaqueColoredMaterial.uasset" 490
"../../../Engine/Plugins/Runtime/Oculus/OculusVR/Content/Materials/OculusMR_OpaqueColoredMaterial.uexp" 491
"../../../Engine/Content/Functions/Engine_MaterialFunctions02/Utility/BreakOutFloat4Components.uasset" 492
"../../../Engine/Content/Functions/Engine_MaterialFunctions02/Utility/BreakOutFloat4Components.uexp" 493
"../../../Engine/Plugins/Runtime/Oculus/OculusVR/Content/Materials/OculusMR_ChromaKey.uasset" 494
"../../../Engine/Plugins/Runtime/Oculus/OculusVR/Content/Materials/OculusMR_ChromaKey.uexp" 495
"../../../Engine/Plugins/Runtime/Oculus/OculusVR/Content/Textures/TouchForQuestRiftSController_albedo.ubulk" 496
"../../../Engine/Plugins/Runtime/Oculus/OculusVR/Content/Textures/TouchForQuestRiftSController_albedo.uasset" 497
"../../../Engine/Plugins/Runtime/Oculus/OculusVR/Content/Textures/TouchForQuestRiftSController_albedo.uexp" 498
"../../../Engine/Plugins/Runtime/Oculus/OculusVR/Content/Materials/TouchForQuestRiftSControllerMaterial.uasset" 499
"../../../Engine/Plugins/Runtime/Oculus/OculusVR/Content/Materials/TouchForQuestRiftSControllerMaterial.uexp" 500
"../../../Engine/Plugins/Runtime/Oculus/OculusVR/Content/Meshes/RightTouchForQuestRiftSController.uasset" 501
"../../../Engine/Plugins/Runtime/Oculus/OculusVR/Content/Meshes/RightTouchForQuestRiftSController.uexp" 502
"../../../Engine/Plugins/Runtime/Oculus/OculusVR/Content/Textures/touchController_albedo.ubulk" 503
"../../../Engine/Plugins/Runtime/Oculus/OculusVR/Content/Textures/touchController_albedo.uasset" 504
"../../../Engine/Plugins/Runtime/Oculus/OculusVR/Content/Textures/touchController_albedo.uexp" 505
"../../../Engine/Plugins/Runtime/Oculus/OculusVR/Content/Textures/touchController_controlmap.ubulk" 506
"../../../Engine/Plugins/Runtime/Oculus/OculusVR/Content/Textures/touchController_controlmap.uasset" 507
"../../../Engine/Plugins/Runtime/Oculus/OculusVR/Content/Textures/touchController_controlmap.uexp" 508
"../../../Engine/Plugins/Runtime/Oculus/OculusVR/Content/Materials/touchController_mat.uasset" 509
"../../../Engine/Plugins/Runtime/Oculus/OculusVR/Content/Materials/touchController_mat.uexp" 510
"../../../Engine/Plugins/Runtime/Oculus/OculusVR/Content/Meshes/RightTouchController.uasset" 511
"../../../Engine/Plugins/Runtime/Oculus/OculusVR/Content/Meshes/RightTouchController.uexp" 512
"../../../Engine/Plugins/Runtime/Oculus/OculusVR/Content/Meshes/RiftHMD.uasset" 513
"../../../Engine/Plugins/Runtime/Oculus/OculusVR/Content/Meshes/RiftHMD.uexp" 514
"../../../Engine/Plugins/Runtime/Oculus/OculusVR/Content/Meshes/LeftTouchForQuestRiftSController.uasset" 515
"../../../Engine/Plugins/Runtime/Oculus/OculusVR/Content/Meshes/LeftTouchForQuestRiftSController.uexp" 516
"../../../Engine/Plugins/Runtime/Oculus/OculusVR/Content/Meshes/LeftTouchController.uasset" 517
"../../../Engine/Plugins/Runtime/Oculus/OculusVR/Content/Meshes/LeftTouchController.uexp" 518
"../../../Engine/Content/EngineResources/Black.uasset" 519
"../../../Engine/Content/EngineResources/Black.uexp" 520
"../../../Engine/Plugins/Runtime/OpenXR/Content/Devices/M_XRController.uasset" 521
"../../../Engine/Plugins/Runtime/OpenXR/Content/Devices/M_XRController.uexp" 522
"../../../Engine/Plugins/Runtime/OpenXR/Content/Devices/HTCVive/BaseTexture.ubulk" 523
"../../../Engine/Plugins/Runtime/OpenXR/Content/Devices/HTCVive/BaseTexture.uasset" 524
"../../../Engine/Plugins/Runtime/OpenXR/Content/Devices/HTCVive/BaseTexture.uexp" 525
"../../../Engine/Plugins/Runtime/OpenXR/Content/Devices/HTCVive/MI_HTCVive.uasset" 526
"../../../Engine/Plugins/Runtime/OpenXR/Content/Devices/HTCVive/MI_HTCVive.uexp" 527
"../../../Engine/Plugins/Runtime/OpenXR/Content/Devices/HTCVive/HTCViveController.uasset" 528
"../../../Engine/Plugins/Runtime/OpenXR/Content/Devices/HTCVive/HTCViveController.uexp" 529
"../../../Engine/Plugins/Runtime/OpenXR/Content/Devices/MicrosoftMixedReality/NormalTexture.ubulk" 530
"../../../Engine/Plugins/Runtime/OpenXR/Content/Devices/MicrosoftMixedReality/NormalTexture.uasset" 531
"../../../Engine/Plugins/Runtime/OpenXR/Content/Devices/MicrosoftMixedReality/NormalTexture.uexp" 532
"../../../Engine/Plugins/Runtime/OpenXR/Content/Devices/MicrosoftMixedReality/EmissiveTexture.ubulk" 533
"../../../Engine/Plugins/Runtime/OpenXR/Content/Devices/MicrosoftMixedReality/EmissiveTexture.uasset" 534
"../../../Engine/Plugins/Runtime/OpenXR/Content/Devices/MicrosoftMixedReality/EmissiveTexture.uexp" 535
"../../../Engine/Plugins/Runtime/OpenXR/Content/Devices/MicrosoftMixedReality/BaseTexture.ubulk" 536
"../../../Engine/Plugins/Runtime/OpenXR/Content/Devices/MicrosoftMixedReality/BaseTexture.uasset" 537
"../../../Engine/Plugins/Runtime/OpenXR/Content/Devices/MicrosoftMixedReality/BaseTexture.uexp" 538
"../../../Engine/Plugins/Runtime/OpenXR/Content/Devices/MicrosoftMixedReality/MRTexture.ubulk" 539
"../../../Engine/Plugins/Runtime/OpenXR/Content/Devices/MicrosoftMixedReality/MRTexture.uasset" 540
"../../../Engine/Plugins/Runtime/OpenXR/Content/Devices/MicrosoftMixedReality/MRTexture.uexp" 541
"../../../Engine/Plugins/Runtime/OpenXR/Content/Devices/MicrosoftMixedReality/MI_MicrosoftMixedReality.uasset" 542
"../../../Engine/Plugins/Runtime/OpenXR/Content/Devices/MicrosoftMixedReality/MI_MicrosoftMixedReality.uexp" 543
"../../../Engine/Plugins/Runtime/OpenXR/Content/Devices/MicrosoftMixedReality/Left/left_MicrosoftMixedRealityController.uasset" 544
"../../../Engine/Plugins/Runtime/OpenXR/Content/Devices/MicrosoftMixedReality/Left/left_MicrosoftMixedRealityController.uexp" 545
"../../../Engine/Plugins/Runtime/OpenXR/Content/Devices/MicrosoftMixedReality/Right/right_MicrosoftMixedRealityController.uasset" 546
"../../../Engine/Plugins/Runtime/OpenXR/Content/Devices/MicrosoftMixedReality/Right/right_MicrosoftMixedRealityController.uexp" 547
"../../../Engine/Plugins/Runtime/OpenXR/Content/Devices/OculusGo/BaseTexture.ubulk" 548
"../../../Engine/Plugins/Runtime/OpenXR/Content/Devices/OculusGo/BaseTexture.uasset" 549
"../../../Engine/Plugins/Runtime/OpenXR/Content/Devices/OculusGo/BaseTexture.uexp" 550
"../../../Engine/Plugins/Runtime/OpenXR/Content/Devices/OculusGo/MI_OculusGo.uasset" 551
"../../../Engine/Plugins/Runtime/OpenXR/Content/Devices/OculusGo/MI_OculusGo.uexp" 552
"../../../Engine/Plugins/Runtime/OpenXR/Content/Devices/OculusGo/OculusGoController.uasset" 553
"../../../Engine/Plugins/Runtime/OpenXR/Content/Devices/OculusGo/OculusGoController.uexp" 554
"../../../Engine/Plugins/Runtime/OpenXR/Content/Devices/OculusTouch/BaseTexture.ubulk" 555
"../../../Engine/Plugins/Runtime/OpenXR/Content/Devices/OculusTouch/BaseTexture.uasset" 556
"../../../Engine/Plugins/Runtime/OpenXR/Content/Devices/OculusTouch/BaseTexture.uexp" 557
"../../../Engine/Plugins/Runtime/OpenXR/Content/Devices/OculusTouch/MRTexture.ubulk" 558
"../../../Engine/Plugins/Runtime/OpenXR/Content/Devices/OculusTouch/MRTexture.uasset" 559
"../../../Engine/Plugins/Runtime/OpenXR/Content/Devices/OculusTouch/MRTexture.uexp" 560
"../../../Engine/Plugins/Runtime/OpenXR/Content/Devices/OculusTouch/MI_OculusTouch.uasset" 561
"../../../Engine/Plugins/Runtime/OpenXR/Content/Devices/OculusTouch/MI_OculusTouch.uexp" 562
"../../../Engine/Plugins/Runtime/OpenXR/Content/Devices/OculusTouch/Left/left_OculusTouchController.uasset" 563
"../../../Engine/Plugins/Runtime/OpenXR/Content/Devices/OculusTouch/Left/left_OculusTouchController.uexp" 564
"../../../Engine/Plugins/Runtime/OpenXR/Content/Devices/OculusTouch/Right/right_OculusTouchController.uasset" 565
"../../../Engine/Plugins/Runtime/OpenXR/Content/Devices/OculusTouch/Right/right_OculusTouchController.uexp" 566
"../../../Engine/Plugins/Runtime/OpenXR/Content/Devices/OculusTouch_v2/BaseTexture.ubulk" 567
"../../../Engine/Plugins/Runtime/OpenXR/Content/Devices/OculusTouch_v2/BaseTexture.uasset" 568
"../../../Engine/Plugins/Runtime/OpenXR/Content/Devices/OculusTouch_v2/BaseTexture.uexp" 569
"../../../Engine/Plugins/Runtime/OpenXR/Content/Devices/OculusTouch_v2/MRTexture.ubulk" 570
"../../../Engine/Plugins/Runtime/OpenXR/Content/Devices/OculusTouch_v2/MRTexture.uasset" 571
"../../../Engine/Plugins/Runtime/OpenXR/Content/Devices/OculusTouch_v2/MRTexture.uexp" 572
"../../../Engine/Plugins/Runtime/OpenXR/Content/Devices/OculusTouch_v2/MI_OculusTouch_v2.uasset" 573
"../../../Engine/Plugins/Runtime/OpenXR/Content/Devices/OculusTouch_v2/MI_OculusTouch_v2.uexp" 574
"../../../Engine/Plugins/Runtime/OpenXR/Content/Devices/OculusTouch_v2/Left/left_OculusTouch_v2Controller.uasset" 575
"../../../Engine/Plugins/Runtime/OpenXR/Content/Devices/OculusTouch_v2/Left/left_OculusTouch_v2Controller.uexp" 576
"../../../Engine/Plugins/Runtime/OpenXR/Content/Devices/OculusTouch_v2/Right/right_OculusTouch_v2Controller.uasset" 577
"../../../Engine/Plugins/Runtime/OpenXR/Content/Devices/OculusTouch_v2/Right/right_OculusTouch_v2Controller.uexp" 578
"../../../Engine/Plugins/Runtime/OpenXR/Content/Devices/OculusTouch_v3/MRTexture.ubulk" 579
"../../../Engine/Plugins/Runtime/OpenXR/Content/Devices/OculusTouch_v3/MRTexture.uasset" 580
"../../../Engine/Plugins/Runtime/OpenXR/Content/Devices/OculusTouch_v3/MRTexture.uexp" 581
"../../../Engine/Plugins/Runtime/OpenXR/Content/Devices/OculusTouch_v3/BaseTexture.ubulk" 582
"../../../Engine/Plugins/Runtime/OpenXR/Content/Devices/OculusTouch_v3/BaseTexture.uasset" 583
"../../../Engine/Plugins/Runtime/OpenXR/Content/Devices/OculusTouch_v3/BaseTexture.uexp" 584
"../../../Engine/Plugins/Runtime/OpenXR/Content/Devices/OculusTouch_v3/MI_OculusTouch_v3.uasset" 585
"../../../Engine/Plugins/Runtime/OpenXR/Content/Devices/OculusTouch_v3/MI_OculusTouch_v3.uexp" 586
"../../../Engine/Plugins/Runtime/OpenXR/Content/Devices/OculusTouch_v3/Left/left_OculusTouch_v3Controller.uasset" 587
"../../../Engine/Plugins/Runtime/OpenXR/Content/Devices/OculusTouch_v3/Left/left_OculusTouch_v3Controller.uexp" 588
"../../../Engine/Plugins/Runtime/OpenXR/Content/Devices/OculusTouch_v3/Right/right_OculusTouch_v3Controller.uasset" 589
"../../../Engine/Plugins/Runtime/OpenXR/Content/Devices/OculusTouch_v3/Right/right_OculusTouch_v3Controller.uexp" 590
"../../../Engine/Plugins/Runtime/OpenXR/Content/Devices/ValveIndex/MRTexture.ubulk" 591
"../../../Engine/Plugins/Runtime/OpenXR/Content/Devices/ValveIndex/MRTexture.uasset" 592
"../../../Engine/Plugins/Runtime/OpenXR/Content/Devices/ValveIndex/MRTexture.uexp" 593
"../../../Engine/Plugins/Runtime/OpenXR/Content/Devices/ValveIndex/BaseTexture.ubulk" 594
"../../../Engine/Plugins/Runtime/OpenXR/Content/Devices/ValveIndex/BaseTexture.uasset" 595
"../../../Engine/Plugins/Runtime/OpenXR/Content/Devices/ValveIndex/BaseTexture.uexp" 596
"../../../Engine/Plugins/Runtime/OpenXR/Content/Devices/ValveIndex/Left/MI_left_ValveIndex.uasset" 597
"../../../Engine/Plugins/Runtime/OpenXR/Content/Devices/ValveIndex/Left/MI_left_ValveIndex.uexp" 598
"../../../Engine/Plugins/Runtime/OpenXR/Content/Devices/ValveIndex/Left/left_ValveIndexController.uasset" 599
"../../../Engine/Plugins/Runtime/OpenXR/Content/Devices/ValveIndex/Left/left_ValveIndexController.uexp" 600
"../../../Engine/Plugins/Runtime/OpenXR/Content/Devices/ValveIndex/Right/MI_right_ValveIndex.uasset" 601
"../../../Engine/Plugins/Runtime/OpenXR/Content/Devices/ValveIndex/Right/MI_right_ValveIndex.uexp" 602
"../../../Engine/Plugins/Runtime/OpenXR/Content/Devices/ValveIndex/Right/right_ValveIndexController.uasset" 603
"../../../Engine/Plugins/Runtime/OpenXR/Content/Devices/ValveIndex/Right/right_ValveIndexController.uexp" 604
"C:/Users/Rentorilla/Desktop/VRZOMBIEGAME/VRZOMBIEGAME/VRZOMBIEGAME/Content/VRTemplate/VFX/NPC_VRTemplate.uasset" 605
"C:/Users/Rentorilla/Desktop/VRZOMBIEGAME/VRZOMBIEGAME/VRZOMBIEGAME/Content/VRTemplate/VFX/NPC_VRTemplate.uexp" 606
"../../../Engine/Content/Maps/Entry_BuiltData.uasset" 607
"../../../Engine/Content/Maps/Entry_BuiltData.uexp" 608
"../../../Engine/Content/Maps/Entry.uexp" 609
"../../../Engine/Content/Maps/Entry.umap" 610
"C:/Users/Rentorilla/Desktop/VRZOMBIEGAME/VRZOMBIEGAME/VRZOMBIEGAME/Content/VRTemplate/Blueprints/VRInteractionBPI.uasset" 611
"C:/Users/Rentorilla/Desktop/VRZOMBIEGAME/VRZOMBIEGAME/VRZOMBIEGAME/Content/VRTemplate/Blueprints/VRInteractionBPI.uexp" 612
"C:/Users/Rentorilla/Desktop/VRZOMBIEGAME/VRZOMBIEGAME/VRZOMBIEGAME/Content/VRTemplate/Haptics/GrabHapticEffect.uasset" 613
"C:/Users/Rentorilla/Desktop/VRZOMBIEGAME/VRZOMBIEGAME/VRZOMBIEGAME/Content/VRTemplate/Haptics/GrabHapticEffect.uexp" 614
"C:/Users/Rentorilla/Desktop/VRZOMBIEGAME/VRZOMBIEGAME/VRZOMBIEGAME/Content/VRTemplate/Blueprints/GrabType.uasset" 615
"C:/Users/Rentorilla/Desktop/VRZOMBIEGAME/VRZOMBIEGAME/VRZOMBIEGAME/Content/VRTemplate/Blueprints/GrabType.uexp" 616
"C:/Users/Rentorilla/Desktop/VRZOMBIEGAME/VRZOMBIEGAME/VRZOMBIEGAME/Content/VRTemplate/Blueprints/GrabComponent.uasset" 617
"C:/Users/Rentorilla/Desktop/VRZOMBIEGAME/VRZOMBIEGAME/VRZOMBIEGAME/Content/VRTemplate/Blueprints/GrabComponent.uexp" 618
"../../../Engine/Content/EngineSky/C_Sky_Horizon_Color.uasset" 619
"../../../Engine/Content/EngineSky/C_Sky_Horizon_Color.uexp" 620
"../../../Engine/Content/EngineSky/T_Sky_Stars.ubulk" 621
"../../../Engine/Content/EngineSky/T_Sky_Stars.uasset" 622
"../../../Engine/Content/EngineSky/T_Sky_Stars.uexp" 623
"../../../Engine/Content/EngineSky/T_Sky_Clouds_M.ubulk" 624
"../../../Engine/Content/EngineSky/T_Sky_Clouds_M.uasset" 625
"../../../Engine/Content/EngineSky/T_Sky_Clouds_M.uexp" 626
"../../../Engine/Content/EngineSky/T_Sky_Blue.ubulk" 627
"../../../Engine/Content/EngineSky/T_Sky_Blue.uasset" 628
"../../../Engine/Content/EngineSky/T_Sky_Blue.uexp" 629
"../../../Engine/Content/EngineSky/M_Sky_Panning_Clouds2.uasset" 630
"../../../Engine/Content/EngineSky/M_Sky_Panning_Clouds2.uexp" 631
"../../../Engine/Content/EngineSky/SM_SkySphere.uasset" 632
"../../../Engine/Content/EngineSky/SM_SkySphere.uexp" 633
"../../../Engine/Content/EngineSky/C_Sky_Cloud_Color.uasset" 634
"../../../Engine/Content/EngineSky/C_Sky_Cloud_Color.uexp" 635
"../../../Engine/Content/EngineSky/C_Sky_Zenith_Color.uasset" 636
"../../../Engine/Content/EngineSky/C_Sky_Zenith_Color.uexp" 637
"../../../Engine/Content/EditorBlueprintResources/StandardMacros.uasset" 638
"../../../Engine/Content/EditorBlueprintResources/StandardMacros.uexp" 639
"../../../Engine/Content/EngineSky/BP_Sky_Sphere.uasset" 640
"../../../Engine/Content/EngineSky/BP_Sky_Sphere.uexp" 641
"C:/Users/Rentorilla/Desktop/VRZOMBIEGAME/VRZOMBIEGAME/VRZOMBIEGAME/Content/VRTemplate/Textures/T_Grid.ubulk" 642
"C:/Users/Rentorilla/Desktop/VRZOMBIEGAME/VRZOMBIEGAME/VRZOMBIEGAME/Content/VRTemplate/Textures/T_Grid.uasset" 643
"C:/Users/Rentorilla/Desktop/VRZOMBIEGAME/VRZOMBIEGAME/VRZOMBIEGAME/Content/VRTemplate/Textures/T_Grid.uexp" 644
"../../../Engine/Content/Functions/Engine_MaterialFunctions02/Utility/AppendMany.uasset" 645
"../../../Engine/Content/Functions/Engine_MaterialFunctions02/Utility/AppendMany.uexp" 646
"../../../Engine/Content/Functions/Engine_MaterialFunctions01/Gradient/LinearGradient.uasset" 647
"../../../Engine/Content/Functions/Engine_MaterialFunctions01/Gradient/LinearGradient.uexp" 648
"../../../Engine/Content/Functions/Engine_MaterialFunctions01/ImageAdjustment/CheapContrast.uasset" 649
"../../../Engine/Content/Functions/Engine_MaterialFunctions01/ImageAdjustment/CheapContrast.uexp" 650
"../../../Engine/Content/Functions/Engine_MaterialFunctions01/Texturing/WorldAlignedTexture.uasset" 651
"../../../Engine/Content/Functions/Engine_MaterialFunctions01/Texturing/WorldAlignedTexture.uexp" 652
"C:/Users/Rentorilla/Desktop/VRZOMBIEGAME/VRZOMBIEGAME/VRZOMBIEGAME/Content/VRTemplate/Materials/M_GridRotation.uasset" 653
"C:/Users/Rentorilla/Desktop/VRZOMBIEGAME/VRZOMBIEGAME/VRZOMBIEGAME/Content/VRTemplate/Materials/M_GridRotation.uexp" 654
"C:/Users/Rentorilla/Desktop/VRZOMBIEGAME/VRZOMBIEGAME/VRZOMBIEGAME/Content/VRTemplate/Materials/MI_Grid_Default.uasset" 655
"C:/Users/Rentorilla/Desktop/VRZOMBIEGAME/VRZOMBIEGAME/VRZOMBIEGAME/Content/VRTemplate/Materials/MI_Grid_Default.uexp" 656
"../../../Engine/Content/VREditor/BasicMeshes/T_CleanFloorGrunge_01_D.ubulk" 657
"../../../Engine/Content/VREditor/BasicMeshes/T_CleanFloorGrunge_01_D.uasset" 658
"../../../Engine/Content/VREditor/BasicMeshes/T_CleanFloorGrunge_01_D.uexp" 659
"../../../Engine/Content/VREditor/BasicMeshes/M_Floor_01.uasset" 660
"../../../Engine/Content/VREditor/BasicMeshes/M_Floor_01.uexp" 661
"../../../Engine/Content/VREditor/BasicMeshes/MI_Cube_01.uasset" 662
"../../../Engine/Content/VREditor/BasicMeshes/MI_Cube_01.uexp" 663
"../../../Engine/Content/VREditor/BasicMeshes/SM_Cube_01.uasset" 664
"../../../Engine/Content/VREditor/BasicMeshes/SM_Cube_01.uexp" 665
"C:/Users/Rentorilla/Desktop/VRZOMBIEGAME/VRZOMBIEGAME/VRZOMBIEGAME/Content/VRTemplate/Blueprints/Grabbable_SmallCube.uasset" 666
"C:/Users/Rentorilla/Desktop/VRZOMBIEGAME/VRZOMBIEGAME/VRZOMBIEGAME/Content/VRTemplate/Blueprints/Grabbable_SmallCube.uexp" 667
"C:/Users/Rentorilla/Desktop/VRZOMBIEGAME/VRZOMBIEGAME/VRZOMBIEGAME/Content/LevelPrototyping/Textures/T_GridChecker_A.ubulk" 668
"C:/Users/Rentorilla/Desktop/VRZOMBIEGAME/VRZOMBIEGAME/VRZOMBIEGAME/Content/LevelPrototyping/Textures/T_GridChecker_A.uasset" 669
"C:/Users/Rentorilla/Desktop/VRZOMBIEGAME/VRZOMBIEGAME/VRZOMBIEGAME/Content/LevelPrototyping/Textures/T_GridChecker_A.uexp" 670
"C:/Users/Rentorilla/Desktop/VRZOMBIEGAME/VRZOMBIEGAME/VRZOMBIEGAME/Content/LevelPrototyping/Materials/MF_ProcGrid.uasset" 671
"C:/Users/Rentorilla/Desktop/VRZOMBIEGAME/VRZOMBIEGAME/VRZOMBIEGAME/Content/LevelPrototyping/Materials/MF_ProcGrid.uexp" 672
"C:/Users/Rentorilla/Desktop/VRZOMBIEGAME/VRZOMBIEGAME/VRZOMBIEGAME/Content/LevelPrototyping/Materials/M_PrototypeGrid.uasset" 673
"C:/Users/Rentorilla/Desktop/VRZOMBIEGAME/VRZOMBIEGAME/VRZOMBIEGAME/Content/LevelPrototyping/Materials/M_PrototypeGrid.uexp" 674
"C:/Users/Rentorilla/Desktop/VRZOMBIEGAME/VRZOMBIEGAME/VRZOMBIEGAME/Content/LevelPrototyping/Materials/MI_PrototypeGrid_Gray.uasset" 675
"C:/Users/Rentorilla/Desktop/VRZOMBIEGAME/VRZOMBIEGAME/VRZOMBIEGAME/Content/LevelPrototyping/Materials/MI_PrototypeGrid_Gray.uexp" 676
"C:/Users/Rentorilla/Desktop/VRZOMBIEGAME/VRZOMBIEGAME/VRZOMBIEGAME/Content/LevelPrototyping/Meshes/SM_Cube.uasset" 677
"C:/Users/Rentorilla/Desktop/VRZOMBIEGAME/VRZOMBIEGAME/VRZOMBIEGAME/Content/LevelPrototyping/Meshes/SM_Cube.uexp" 678
"C:/Users/Rentorilla/Desktop/VRZOMBIEGAME/VRZOMBIEGAME/VRZOMBIEGAME/Content/Zombies/ZoombieDude/Ch10_1002_Glossiness.ubulk" 679
"C:/Users/Rentorilla/Desktop/VRZOMBIEGAME/VRZOMBIEGAME/VRZOMBIEGAME/Content/Zombies/ZoombieDude/Ch10_1002_Glossiness.uasset" 680
"C:/Users/Rentorilla/Desktop/VRZOMBIEGAME/VRZOMBIEGAME/VRZOMBIEGAME/Content/Zombies/ZoombieDude/Ch10_1002_Glossiness.uexp" 681
"C:/Users/Rentorilla/Desktop/VRZOMBIEGAME/VRZOMBIEGAME/VRZOMBIEGAME/Content/Zombies/ZoombieDude/Ch10_1002_Specular.ubulk" 682
"C:/Users/Rentorilla/Desktop/VRZOMBIEGAME/VRZOMBIEGAME/VRZOMBIEGAME/Content/Zombies/ZoombieDude/Ch10_1002_Specular.uasset" 683
"C:/Users/Rentorilla/Desktop/VRZOMBIEGAME/VRZOMBIEGAME/VRZOMBIEGAME/Content/Zombies/ZoombieDude/Ch10_1002_Specular.uexp" 684
"C:/Users/Rentorilla/Desktop/VRZOMBIEGAME/VRZOMBIEGAME/VRZOMBIEGAME/Content/Zombies/ZoombieDude/Ch10_1002_Diffuse.ubulk" 685
"C:/Users/Rentorilla/Desktop/VRZOMBIEGAME/VRZOMBIEGAME/VRZOMBIEGAME/Content/Zombies/ZoombieDude/Ch10_1002_Diffuse.uasset" 686
"C:/Users/Rentorilla/Desktop/VRZOMBIEGAME/VRZOMBIEGAME/VRZOMBIEGAME/Content/Zombies/ZoombieDude/Ch10_1002_Diffuse.uexp" 687
"C:/Users/Rentorilla/Desktop/VRZOMBIEGAME/VRZOMBIEGAME/VRZOMBIEGAME/Content/Zombies/ZoombieDude/Ch10_1002_Normal.ubulk" 688
"C:/Users/Rentorilla/Desktop/VRZOMBIEGAME/VRZOMBIEGAME/VRZOMBIEGAME/Content/Zombies/ZoombieDude/Ch10_1002_Normal.uasset" 689
"C:/Users/Rentorilla/Desktop/VRZOMBIEGAME/VRZOMBIEGAME/VRZOMBIEGAME/Content/Zombies/ZoombieDude/Ch10_1002_Normal.uexp" 690
"C:/Users/Rentorilla/Desktop/VRZOMBIEGAME/VRZOMBIEGAME/VRZOMBIEGAME/Content/Zombies/ZoombieDude/Ch10_body1.uasset" 691
"C:/Users/Rentorilla/Desktop/VRZOMBIEGAME/VRZOMBIEGAME/VRZOMBIEGAME/Content/Zombies/ZoombieDude/Ch10_body1.uexp" 692
"C:/Users/Rentorilla/Desktop/VRZOMBIEGAME/VRZOMBIEGAME/VRZOMBIEGAME/Content/Zombies/ZoombieDude/Ch10_nonPBR_Skeleton.uasset" 693
"C:/Users/Rentorilla/Desktop/VRZOMBIEGAME/VRZOMBIEGAME/VRZOMBIEGAME/Content/Zombies/ZoombieDude/Ch10_nonPBR_Skeleton.uexp" 694
"C:/Users/Rentorilla/Desktop/VRZOMBIEGAME/VRZOMBIEGAME/VRZOMBIEGAME/Content/Zombies/ZoombieDude/Ch10_1001_Diffuse.ubulk" 695
"C:/Users/Rentorilla/Desktop/VRZOMBIEGAME/VRZOMBIEGAME/VRZOMBIEGAME/Content/Zombies/ZoombieDude/Ch10_1001_Diffuse.uasset" 696
"C:/Users/Rentorilla/Desktop/VRZOMBIEGAME/VRZOMBIEGAME/VRZOMBIEGAME/Content/Zombies/ZoombieDude/Ch10_1001_Diffuse.uexp" 697
"C:/Users/Rentorilla/Desktop/VRZOMBIEGAME/VRZOMBIEGAME/VRZOMBIEGAME/Content/Zombies/ZoombieDude/Ch10_1001_Normal.ubulk" 698
"C:/Users/Rentorilla/Desktop/VRZOMBIEGAME/VRZOMBIEGAME/VRZOMBIEGAME/Content/Zombies/ZoombieDude/Ch10_1001_Normal.uasset" 699
"C:/Users/Rentorilla/Desktop/VRZOMBIEGAME/VRZOMBIEGAME/VRZOMBIEGAME/Content/Zombies/ZoombieDude/Ch10_1001_Normal.uexp" 700
"C:/Users/Rentorilla/Desktop/VRZOMBIEGAME/VRZOMBIEGAME/VRZOMBIEGAME/Content/Zombies/ZoombieDude/Ch10_1001_Specular.ubulk" 701
"C:/Users/Rentorilla/Desktop/VRZOMBIEGAME/VRZOMBIEGAME/VRZOMBIEGAME/Content/Zombies/ZoombieDude/Ch10_1001_Specular.uasset" 702
"C:/Users/Rentorilla/Desktop/VRZOMBIEGAME/VRZOMBIEGAME/VRZOMBIEGAME/Content/Zombies/ZoombieDude/Ch10_1001_Specular.uexp" 703
"C:/Users/Rentorilla/Desktop/VRZOMBIEGAME/VRZOMBIEGAME/VRZOMBIEGAME/Content/Zombies/ZoombieDude/Ch10_1001_Glossiness.ubulk" 704
"C:/Users/Rentorilla/Desktop/VRZOMBIEGAME/VRZOMBIEGAME/VRZOMBIEGAME/Content/Zombies/ZoombieDude/Ch10_1001_Glossiness.uasset" 705
"C:/Users/Rentorilla/Desktop/VRZOMBIEGAME/VRZOMBIEGAME/VRZOMBIEGAME/Content/Zombies/ZoombieDude/Ch10_1001_Glossiness.uexp" 706
"C:/Users/Rentorilla/Desktop/VRZOMBIEGAME/VRZOMBIEGAME/VRZOMBIEGAME/Content/Zombies/ZoombieDude/Ch10_body.uasset" 707
"C:/Users/Rentorilla/Desktop/VRZOMBIEGAME/VRZOMBIEGAME/VRZOMBIEGAME/Content/Zombies/ZoombieDude/Ch10_body.uexp" 708
"C:/Users/Rentorilla/Desktop/VRZOMBIEGAME/VRZOMBIEGAME/VRZOMBIEGAME/Content/Zombies/ZoombieDude/Ch10_nonPBR_PhysicsAsset.uasset" 709
"C:/Users/Rentorilla/Desktop/VRZOMBIEGAME/VRZOMBIEGAME/VRZOMBIEGAME/Content/Zombies/ZoombieDude/Ch10_nonPBR_PhysicsAsset.uexp" 710
"C:/Users/Rentorilla/Desktop/VRZOMBIEGAME/VRZOMBIEGAME/VRZOMBIEGAME/Content/Zombies/ZoombieDude/Ch10_nonPBR.uasset" 711
"C:/Users/Rentorilla/Desktop/VRZOMBIEGAME/VRZOMBIEGAME/VRZOMBIEGAME/Content/Zombies/ZoombieDude/Ch10_nonPBR.uexp" 712
"../../../Engine/Content/Animation/DefaultAnimCurveCompressionSettings.uasset" 713
"../../../Engine/Content/Animation/DefaultAnimCurveCompressionSettings.uexp" 714
"../../../Engine/Content/Animation/DefaultAnimBoneCompressionSettings.uasset" 715
"../../../Engine/Content/Animation/DefaultAnimBoneCompressionSettings.uexp" 716
"C:/Users/Rentorilla/Desktop/VRZOMBIEGAME/VRZOMBIEGAME/VRZOMBIEGAME/Content/Zombies/ZoombieDude/amimations/zombie_idle.uasset" 717
"C:/Users/Rentorilla/Desktop/VRZOMBIEGAME/VRZOMBIEGAME/VRZOMBIEGAME/Content/Zombies/ZoombieDude/amimations/zombie_idle.uexp" 718
"C:/Users/Rentorilla/Desktop/VRZOMBIEGAME/VRZOMBIEGAME/VRZOMBIEGAME/Content/Zombies/ZoombieDude/amimations/Zombie_Run.uasset" 719
"C:/Users/Rentorilla/Desktop/VRZOMBIEGAME/VRZOMBIEGAME/VRZOMBIEGAME/Content/Zombies/ZoombieDude/amimations/Zombie_Run.uexp" 720
"C:/Users/Rentorilla/Desktop/VRZOMBIEGAME/VRZOMBIEGAME/VRZOMBIEGAME/Content/Zombies/ZoombieDude/amimations/Walking.uasset" 721
"C:/Users/Rentorilla/Desktop/VRZOMBIEGAME/VRZOMBIEGAME/VRZOMBIEGAME/Content/Zombies/ZoombieDude/amimations/Walking.uexp" 722
"C:/Users/Rentorilla/Desktop/VRZOMBIEGAME/VRZOMBIEGAME/VRZOMBIEGAME/Content/Zombies/ZoombieDude/amimations/ZombieDudeBS.uasset" 723
"C:/Users/Rentorilla/Desktop/VRZOMBIEGAME/VRZOMBIEGAME/VRZOMBIEGAME/Content/Zombies/ZoombieDude/amimations/ZombieDudeBS.uexp" 724
"C:/Users/Rentorilla/Desktop/VRZOMBIEGAME/VRZOMBIEGAME/VRZOMBIEGAME/Content/Zombies/ZoombieDude/amimations/ZombieDudeanimBP.uasset" 725
"C:/Users/Rentorilla/Desktop/VRZOMBIEGAME/VRZOMBIEGAME/VRZOMBIEGAME/Content/Zombies/ZoombieDude/amimations/ZombieDudeanimBP.uexp" 726
"C:/Users/Rentorilla/Desktop/VRZOMBIEGAME/VRZOMBIEGAME/VRZOMBIEGAME/Content/Zombies/ZoombieDude/amimations/zombie_attack.uasset" 727
"C:/Users/Rentorilla/Desktop/VRZOMBIEGAME/VRZOMBIEGAME/VRZOMBIEGAME/Content/Zombies/ZoombieDude/amimations/zombie_attack.uexp" 728
"C:/Users/Rentorilla/Desktop/VRZOMBIEGAME/VRZOMBIEGAME/VRZOMBIEGAME/Content/Zombies/ZoombieDude/amimations/zombie_attack_Montage.uasset" 729
"C:/Users/Rentorilla/Desktop/VRZOMBIEGAME/VRZOMBIEGAME/VRZOMBIEGAME/Content/Zombies/ZoombieDude/amimations/zombie_attack_Montage.uexp" 730
"C:/Users/Rentorilla/Desktop/VRZOMBIEGAME/VRZOMBIEGAME/VRZOMBIEGAME/Content/Zombies/ZoombieDude/Zombiedude.uasset" 731
"C:/Users/Rentorilla/Desktop/VRZOMBIEGAME/VRZOMBIEGAME/VRZOMBIEGAME/Content/Zombies/ZoombieDude/Zombiedude.uexp" 732
"C:/Users/Rentorilla/Desktop/VRZOMBIEGAME/VRZOMBIEGAME/VRZOMBIEGAME/Content/VRTemplate/Blueprints/VRGameMode.uasset" 733
"C:/Users/Rentorilla/Desktop/VRZOMBIEGAME/VRZOMBIEGAME/VRZOMBIEGAME/Content/VRTemplate/Blueprints/VRGameMode.uexp" 734
"C:/Users/Rentorilla/Desktop/VRZOMBIEGAME/VRZOMBIEGAME/VRZOMBIEGAME/Content/Megascans/3D_Assets/Sandstone_Boulder_vmjedba/T_SandstoneBoulder_vmjedba_2K_DpR.ubulk" 735
"C:/Users/Rentorilla/Desktop/VRZOMBIEGAME/VRZOMBIEGAME/VRZOMBIEGAME/Content/Megascans/3D_Assets/Sandstone_Boulder_vmjedba/T_SandstoneBoulder_vmjedba_2K_DpR.uasset" 736
"C:/Users/Rentorilla/Desktop/VRZOMBIEGAME/VRZOMBIEGAME/VRZOMBIEGAME/Content/Megascans/3D_Assets/Sandstone_Boulder_vmjedba/T_SandstoneBoulder_vmjedba_2K_DpR.uexp" 737
"C:/Users/Rentorilla/Desktop/VRZOMBIEGAME/VRZOMBIEGAME/VRZOMBIEGAME/Content/MSPresets/M_MS_Default_Material/M_MS_Default_Material.uasset" 738
"C:/Users/Rentorilla/Desktop/VRZOMBIEGAME/VRZOMBIEGAME/VRZOMBIEGAME/Content/MSPresets/M_MS_Default_Material/M_MS_Default_Material.uexp" 739
"C:/Users/Rentorilla/Desktop/VRZOMBIEGAME/VRZOMBIEGAME/VRZOMBIEGAME/Content/Megascans/3D_Assets/Sandstone_Boulder_vmjedba/T_Sandstone_Boulder_vmjedba_2K_N.ubulk" 740
"C:/Users/Rentorilla/Desktop/VRZOMBIEGAME/VRZOMBIEGAME/VRZOMBIEGAME/Content/Megascans/3D_Assets/Sandstone_Boulder_vmjedba/T_Sandstone_Boulder_vmjedba_2K_N.uasset" 741
"C:/Users/Rentorilla/Desktop/VRZOMBIEGAME/VRZOMBIEGAME/VRZOMBIEGAME/Content/Megascans/3D_Assets/Sandstone_Boulder_vmjedba/T_Sandstone_Boulder_vmjedba_2K_N.uexp" 742
"C:/Users/Rentorilla/Desktop/VRZOMBIEGAME/VRZOMBIEGAME/VRZOMBIEGAME/Content/Megascans/3D_Assets/Sandstone_Boulder_vmjedba/T_Sandstone_Boulder_vmjedba_2K_D.ubulk" 743
"C:/Users/Rentorilla/Desktop/VRZOMBIEGAME/VRZOMBIEGAME/VRZOMBIEGAME/Content/Megascans/3D_Assets/Sandstone_Boulder_vmjedba/T_Sandstone_Boulder_vmjedba_2K_D.uasset" 744
"C:/Users/Rentorilla/Desktop/VRZOMBIEGAME/VRZOMBIEGAME/VRZOMBIEGAME/Content/Megascans/3D_Assets/Sandstone_Boulder_vmjedba/T_Sandstone_Boulder_vmjedba_2K_D.uexp" 745
"C:/Users/Rentorilla/Desktop/VRZOMBIEGAME/VRZOMBIEGAME/VRZOMBIEGAME/Content/Megascans/3D_Assets/Sandstone_Boulder_vmjedba/MI_Sandstone_Boulder_vmjedba_2K.uasset" 746
"C:/Users/Rentorilla/Desktop/VRZOMBIEGAME/VRZOMBIEGAME/VRZOMBIEGAME/Content/Megascans/3D_Assets/Sandstone_Boulder_vmjedba/MI_Sandstone_Boulder_vmjedba_2K.uexp" 747
"C:/Users/Rentorilla/Desktop/VRZOMBIEGAME/VRZOMBIEGAME/VRZOMBIEGAME/Content/Megascans/3D_Assets/Sandstone_Boulder_vmjedba/S_Sandstone_Boulder_vmjedba_lod3_Var1.uasset" 748
"C:/Users/Rentorilla/Desktop/VRZOMBIEGAME/VRZOMBIEGAME/VRZOMBIEGAME/Content/Megascans/3D_Assets/Sandstone_Boulder_vmjedba/S_Sandstone_Boulder_vmjedba_lod3_Var1.uexp" 749
"C:/Users/Rentorilla/Desktop/VRZOMBIEGAME/VRZOMBIEGAME/VRZOMBIEGAME/Content/Zombies/ZombieGirl/zombiegirl_Skeleton.uasset" 750
"C:/Users/Rentorilla/Desktop/VRZOMBIEGAME/VRZOMBIEGAME/VRZOMBIEGAME/Content/Zombies/ZombieGirl/zombiegirl_Skeleton.uexp" 751
"C:/Users/Rentorilla/Desktop/VRZOMBIEGAME/VRZOMBIEGAME/VRZOMBIEGAME/Content/Zombies/ZombieGirl/Animations/zombie_attack.uasset" 752
"C:/Users/Rentorilla/Desktop/VRZOMBIEGAME/VRZOMBIEGAME/VRZOMBIEGAME/Content/Zombies/ZombieGirl/Animations/zombie_attack.uexp" 753
"C:/Users/Rentorilla/Desktop/VRZOMBIEGAME/VRZOMBIEGAME/VRZOMBIEGAME/Content/Zombies/ZombieGirl/Animations/zombie_attack_Montage.uasset" 754
"C:/Users/Rentorilla/Desktop/VRZOMBIEGAME/VRZOMBIEGAME/VRZOMBIEGAME/Content/Zombies/ZombieGirl/Animations/zombie_attack_Montage.uexp" 755
"C:/Users/Rentorilla/Desktop/VRZOMBIEGAME/VRZOMBIEGAME/VRZOMBIEGAME/Content/Zombies/ZombieGirl/Animations/Zombie_Walk_mixamo_com.uasset" 756
"C:/Users/Rentorilla/Desktop/VRZOMBIEGAME/VRZOMBIEGAME/VRZOMBIEGAME/Content/Zombies/ZombieGirl/Animations/Zombie_Walk_mixamo_com.uexp" 757
"C:/Users/Rentorilla/Desktop/VRZOMBIEGAME/VRZOMBIEGAME/VRZOMBIEGAME/Content/Zombies/ZombieGirl/Animations/Zombie_Running_mixamo_com.uasset" 758
"C:/Users/Rentorilla/Desktop/VRZOMBIEGAME/VRZOMBIEGAME/VRZOMBIEGAME/Content/Zombies/ZombieGirl/Animations/Zombie_Running_mixamo_com.uexp" 759
"C:/Users/Rentorilla/Desktop/VRZOMBIEGAME/VRZOMBIEGAME/VRZOMBIEGAME/Content/Zombies/ZombieGirl/Animations/zombie_idle.uasset" 760
"C:/Users/Rentorilla/Desktop/VRZOMBIEGAME/VRZOMBIEGAME/VRZOMBIEGAME/Content/Zombies/ZombieGirl/Animations/zombie_idle.uexp" 761
"C:/Users/Rentorilla/Desktop/VRZOMBIEGAME/VRZOMBIEGAME/VRZOMBIEGAME/Content/Zombies/ZombieGirl/Animations/ZombieBS.uasset" 762
"C:/Users/Rentorilla/Desktop/VRZOMBIEGAME/VRZOMBIEGAME/VRZOMBIEGAME/Content/Zombies/ZombieGirl/Animations/ZombieBS.uexp" 763
"C:/Users/Rentorilla/Desktop/VRZOMBIEGAME/VRZOMBIEGAME/VRZOMBIEGAME/Content/Zombies/ZombieGirl/Animations/ZombieanimBP.uasset" 764
"C:/Users/Rentorilla/Desktop/VRZOMBIEGAME/VRZOMBIEGAME/VRZOMBIEGAME/Content/Zombies/ZombieGirl/Animations/ZombieanimBP.uexp" 765
"C:/Users/Rentorilla/Desktop/VRZOMBIEGAME/VRZOMBIEGAME/VRZOMBIEGAME/Content/Zombies/ZombieGirl/zombie_normal.ubulk" 766
"C:/Users/Rentorilla/Desktop/VRZOMBIEGAME/VRZOMBIEGAME/VRZOMBIEGAME/Content/Zombies/ZombieGirl/zombie_normal.uasset" 767
"C:/Users/Rentorilla/Desktop/VRZOMBIEGAME/VRZOMBIEGAME/VRZOMBIEGAME/Content/Zombies/ZombieGirl/zombie_normal.uexp" 768
"C:/Users/Rentorilla/Desktop/VRZOMBIEGAME/VRZOMBIEGAME/VRZOMBIEGAME/Content/Zombies/ZombieGirl/zombie_diffuse.ubulk" 769
"C:/Users/Rentorilla/Desktop/VRZOMBIEGAME/VRZOMBIEGAME/VRZOMBIEGAME/Content/Zombies/ZombieGirl/zombie_diffuse.uasset" 770
"C:/Users/Rentorilla/Desktop/VRZOMBIEGAME/VRZOMBIEGAME/VRZOMBIEGAME/Content/Zombies/ZombieGirl/zombie_diffuse.uexp" 771
"C:/Users/Rentorilla/Desktop/VRZOMBIEGAME/VRZOMBIEGAME/VRZOMBIEGAME/Content/Zombies/ZombieGirl/zombie_diffuse_ncl1_1.ubulk" 772
"C:/Users/Rentorilla/Desktop/VRZOMBIEGAME/VRZOMBIEGAME/VRZOMBIEGAME/Content/Zombies/ZombieGirl/zombie_diffuse_ncl1_1.uasset" 773
"C:/Users/Rentorilla/Desktop/VRZOMBIEGAME/VRZOMBIEGAME/VRZOMBIEGAME/Content/Zombies/ZombieGirl/zombie_diffuse_ncl1_1.uexp" 774
"C:/Users/Rentorilla/Desktop/VRZOMBIEGAME/VRZOMBIEGAME/VRZOMBIEGAME/Content/Zombies/ZombieGirl/zombie_specular.ubulk" 775
"C:/Users/Rentorilla/Desktop/VRZOMBIEGAME/VRZOMBIEGAME/VRZOMBIEGAME/Content/Zombies/ZombieGirl/zombie_specular.uasset" 776
"C:/Users/Rentorilla/Desktop/VRZOMBIEGAME/VRZOMBIEGAME/VRZOMBIEGAME/Content/Zombies/ZombieGirl/zombie_specular.uexp" 777
"C:/Users/Rentorilla/Desktop/VRZOMBIEGAME/VRZOMBIEGAME/VRZOMBIEGAME/Content/Zombies/ZombieGirl/ZombieGirl_Material.uasset" 778
"C:/Users/Rentorilla/Desktop/VRZOMBIEGAME/VRZOMBIEGAME/VRZOMBIEGAME/Content/Zombies/ZombieGirl/ZombieGirl_Material.uexp" 779
"C:/Users/Rentorilla/Desktop/VRZOMBIEGAME/VRZOMBIEGAME/VRZOMBIEGAME/Content/Zombies/ZombieGirl/ZombieGirl_Material_ncl1_1.uasset" 780
"C:/Users/Rentorilla/Desktop/VRZOMBIEGAME/VRZOMBIEGAME/VRZOMBIEGAME/Content/Zombies/ZombieGirl/ZombieGirl_Material_ncl1_1.uexp" 781
"C:/Users/Rentorilla/Desktop/VRZOMBIEGAME/VRZOMBIEGAME/VRZOMBIEGAME/Content/Zombies/ZombieGirl/ZombieGirl_Material_ncl1_2.uasset" 782
"C:/Users/Rentorilla/Desktop/VRZOMBIEGAME/VRZOMBIEGAME/VRZOMBIEGAME/Content/Zombies/ZombieGirl/ZombieGirl_Material_ncl1_2.uexp" 783
"C:/Users/Rentorilla/Desktop/VRZOMBIEGAME/VRZOMBIEGAME/VRZOMBIEGAME/Content/Zombies/ZombieGirl/zombiegirl_PhysicsAsset.uasset" 784
"C:/Users/Rentorilla/Desktop/VRZOMBIEGAME/VRZOMBIEGAME/VRZOMBIEGAME/Content/Zombies/ZombieGirl/zombiegirl_PhysicsAsset.uexp" 785
"C:/Users/Rentorilla/Desktop/VRZOMBIEGAME/VRZOMBIEGAME/VRZOMBIEGAME/Content/Zombies/ZombieGirl/zombiegirl.uasset" 786
"C:/Users/Rentorilla/Desktop/VRZOMBIEGAME/VRZOMBIEGAME/VRZOMBIEGAME/Content/Zombies/ZombieGirl/zombiegirl.uexp" 787
"C:/Users/Rentorilla/Desktop/VRZOMBIEGAME/VRZOMBIEGAME/VRZOMBIEGAME/Content/Zombies/ZombieGirl/BP_ZombieGirl.uasset" 788
"C:/Users/Rentorilla/Desktop/VRZOMBIEGAME/VRZOMBIEGAME/VRZOMBIEGAME/Content/Zombies/ZombieGirl/BP_ZombieGirl.uexp" 789
"C:/Users/Rentorilla/Desktop/VRZOMBIEGAME/VRZOMBIEGAME/VRZOMBIEGAME/Content/Megascans/3D_Assets/Massive_Sandstone_Cliff_vmnmbhv/T_MassiveSandstoneCliff_vmnmbhv_2K_DpR.ubulk" 790
"C:/Users/Rentorilla/Desktop/VRZOMBIEGAME/VRZOMBIEGAME/VRZOMBIEGAME/Content/Megascans/3D_Assets/Massive_Sandstone_Cliff_vmnmbhv/T_MassiveSandstoneCliff_vmnmbhv_2K_DpR.uasset" 791
"C:/Users/Rentorilla/Desktop/VRZOMBIEGAME/VRZOMBIEGAME/VRZOMBIEGAME/Content/Megascans/3D_Assets/Massive_Sandstone_Cliff_vmnmbhv/T_MassiveSandstoneCliff_vmnmbhv_2K_DpR.uexp" 792
"C:/Users/Rentorilla/Desktop/VRZOMBIEGAME/VRZOMBIEGAME/VRZOMBIEGAME/Content/Megascans/3D_Assets/Massive_Sandstone_Cliff_vmnmbhv/T_Massive_Sandstone_Cliff_vmnmbhv_2K_D.ubulk" 793
"C:/Users/Rentorilla/Desktop/VRZOMBIEGAME/VRZOMBIEGAME/VRZOMBIEGAME/Content/Megascans/3D_Assets/Massive_Sandstone_Cliff_vmnmbhv/T_Massive_Sandstone_Cliff_vmnmbhv_2K_D.uasset" 794
"C:/Users/Rentorilla/Desktop/VRZOMBIEGAME/VRZOMBIEGAME/VRZOMBIEGAME/Content/Megascans/3D_Assets/Massive_Sandstone_Cliff_vmnmbhv/T_Massive_Sandstone_Cliff_vmnmbhv_2K_D.uexp" 795
"C:/Users/Rentorilla/Desktop/VRZOMBIEGAME/VRZOMBIEGAME/VRZOMBIEGAME/Content/Megascans/3D_Assets/Massive_Sandstone_Cliff_vmnmbhv/T_Massive_Sandstone_Cliff_vmnmbhv_2K_N.ubulk" 796
"C:/Users/Rentorilla/Desktop/VRZOMBIEGAME/VRZOMBIEGAME/VRZOMBIEGAME/Content/Megascans/3D_Assets/Massive_Sandstone_Cliff_vmnmbhv/T_Massive_Sandstone_Cliff_vmnmbhv_2K_N.uasset" 797
"C:/Users/Rentorilla/Desktop/VRZOMBIEGAME/VRZOMBIEGAME/VRZOMBIEGAME/Content/Megascans/3D_Assets/Massive_Sandstone_Cliff_vmnmbhv/T_Massive_Sandstone_Cliff_vmnmbhv_2K_N.uexp" 798
"C:/Users/Rentorilla/Desktop/VRZOMBIEGAME/VRZOMBIEGAME/VRZOMBIEGAME/Content/Megascans/3D_Assets/Massive_Sandstone_Cliff_vmnmbhv/MI_Massive_Sandstone_Cliff_vmnmbhv_2K.uasset" 799
"C:/Users/Rentorilla/Desktop/VRZOMBIEGAME/VRZOMBIEGAME/VRZOMBIEGAME/Content/Megascans/3D_Assets/Massive_Sandstone_Cliff_vmnmbhv/MI_Massive_Sandstone_Cliff_vmnmbhv_2K.uexp" 800
"C:/Users/Rentorilla/Desktop/VRZOMBIEGAME/VRZOMBIEGAME/VRZOMBIEGAME/Content/Megascans/3D_Assets/Massive_Sandstone_Cliff_vmnmbhv/S_Massive_Sandstone_Cliff_vmnmbhv_lod3_Var1.uasset" 801
"C:/Users/Rentorilla/Desktop/VRZOMBIEGAME/VRZOMBIEGAME/VRZOMBIEGAME/Content/Megascans/3D_Assets/Massive_Sandstone_Cliff_vmnmbhv/S_Massive_Sandstone_Cliff_vmnmbhv_lod3_Var1.uexp" 802
"C:/Users/Rentorilla/Desktop/VRZOMBIEGAME/VRZOMBIEGAME/VRZOMBIEGAME/Content/FPWeapon/Mesh/SK_FPGun_Skeleton.uasset" 803
"C:/Users/Rentorilla/Desktop/VRZOMBIEGAME/VRZOMBIEGAME/VRZOMBIEGAME/Content/FPWeapon/Mesh/SK_FPGun_Skeleton.uexp" 804
"C:/Users/Rentorilla/Desktop/VRZOMBIEGAME/VRZOMBIEGAME/VRZOMBIEGAME/Content/FPWeapon/Materials/MaterialLayers/T_ML_Rubber_Blue_01_D.ubulk" 805
"C:/Users/Rentorilla/Desktop/VRZOMBIEGAME/VRZOMBIEGAME/VRZOMBIEGAME/Content/FPWeapon/Materials/MaterialLayers/T_ML_Rubber_Blue_01_D.uasset" 806
"C:/Users/Rentorilla/Desktop/VRZOMBIEGAME/VRZOMBIEGAME/VRZOMBIEGAME/Content/FPWeapon/Materials/MaterialLayers/T_ML_Rubber_Blue_01_D.uexp" 807
"C:/Users/Rentorilla/Desktop/VRZOMBIEGAME/VRZOMBIEGAME/VRZOMBIEGAME/Content/FPWeapon/Textures/T_FPGun_N.ubulk" 808
"C:/Users/Rentorilla/Desktop/VRZOMBIEGAME/VRZOMBIEGAME/VRZOMBIEGAME/Content/FPWeapon/Textures/T_FPGun_N.uasset" 809
"C:/Users/Rentorilla/Desktop/VRZOMBIEGAME/VRZOMBIEGAME/VRZOMBIEGAME/Content/FPWeapon/Textures/T_FPGun_N.uexp" 810
"../../../Engine/Content/Functions/Engine_MaterialFunctions02/Utility/BlendAngleCorrectedNormals.uasset" 811
"../../../Engine/Content/Functions/Engine_MaterialFunctions02/Utility/BlendAngleCorrectedNormals.uexp" 812
"../../../Engine/Content/Functions/MaterialLayerFunctions/MatLayerBlend_NormalBlend.uasset" 813
"../../../Engine/Content/Functions/MaterialLayerFunctions/MatLayerBlend_NormalBlend.uexp" 814
"C:/Users/Rentorilla/Desktop/VRZOMBIEGAME/VRZOMBIEGAME/VRZOMBIEGAME/Content/FPWeapon/Materials/MaterialLayers/T_ML_Rubber_Blue_01_N.ubulk" 815
"C:/Users/Rentorilla/Desktop/VRZOMBIEGAME/VRZOMBIEGAME/VRZOMBIEGAME/Content/FPWeapon/Materials/MaterialLayers/T_ML_Rubber_Blue_01_N.uasset" 816
"C:/Users/Rentorilla/Desktop/VRZOMBIEGAME/VRZOMBIEGAME/VRZOMBIEGAME/Content/FPWeapon/Materials/MaterialLayers/T_ML_Rubber_Blue_01_N.uexp" 817
"C:/Users/Rentorilla/Desktop/VRZOMBIEGAME/VRZOMBIEGAME/VRZOMBIEGAME/Content/FPWeapon/Materials/MaterialLayers/ML_Screen.uasset" 818
"C:/Users/Rentorilla/Desktop/VRZOMBIEGAME/VRZOMBIEGAME/VRZOMBIEGAME/Content/FPWeapon/Materials/MaterialLayers/ML_Screen.uexp" 819
"C:/Users/Rentorilla/Desktop/VRZOMBIEGAME/VRZOMBIEGAME/VRZOMBIEGAME/Content/FPWeapon/Materials/MaterialLayers/T_ML_Aluminum01_N.ubulk" 820
"C:/Users/Rentorilla/Desktop/VRZOMBIEGAME/VRZOMBIEGAME/VRZOMBIEGAME/Content/FPWeapon/Materials/MaterialLayers/T_ML_Aluminum01_N.uasset" 821
"C:/Users/Rentorilla/Desktop/VRZOMBIEGAME/VRZOMBIEGAME/VRZOMBIEGAME/Content/FPWeapon/Materials/MaterialLayers/T_ML_Aluminum01_N.uexp" 822
"C:/Users/Rentorilla/Desktop/VRZOMBIEGAME/VRZOMBIEGAME/VRZOMBIEGAME/Content/FPWeapon/Materials/MaterialLayers/T_ML_Aluminum01.ubulk" 823
"C:/Users/Rentorilla/Desktop/VRZOMBIEGAME/VRZOMBIEGAME/VRZOMBIEGAME/Content/FPWeapon/Materials/MaterialLayers/T_ML_Aluminum01.uasset" 824
"C:/Users/Rentorilla/Desktop/VRZOMBIEGAME/VRZOMBIEGAME/VRZOMBIEGAME/Content/FPWeapon/Materials/MaterialLayers/T_ML_Aluminum01.uexp" 825
"C:/Users/Rentorilla/Desktop/VRZOMBIEGAME/VRZOMBIEGAME/VRZOMBIEGAME/Content/FPWeapon/Materials/MaterialLayers/ML_SoftMetal_UE4.uasset" 826
"C:/Users/Rentorilla/Desktop/VRZOMBIEGAME/VRZOMBIEGAME/VRZOMBIEGAME/Content/FPWeapon/Materials/MaterialLayers/ML_SoftMetal_UE4.uexp" 827
"../../../Engine/Content/Functions/MaterialLayerFunctions/MatLayerBlend_Simple.uasset" 828
"../../../Engine/Content/Functions/MaterialLayerFunctions/MatLayerBlend_Simple.uexp" 829
"C:/Users/Rentorilla/Desktop/VRZOMBIEGAME/VRZOMBIEGAME/VRZOMBIEGAME/Content/FPWeapon/Textures/T_FPGun_M.ubulk" 830
"C:/Users/Rentorilla/Desktop/VRZOMBIEGAME/VRZOMBIEGAME/VRZOMBIEGAME/Content/FPWeapon/Textures/T_FPGun_M.uasset" 831
"C:/Users/Rentorilla/Desktop/VRZOMBIEGAME/VRZOMBIEGAME/VRZOMBIEGAME/Content/FPWeapon/Textures/T_FPGun_M.uexp" 832
"C:/Users/Rentorilla/Desktop/VRZOMBIEGAME/VRZOMBIEGAME/VRZOMBIEGAME/Content/FPWeapon/Materials/MaterialLayers/ML_Plastic_Shiny_Beige.uasset" 833
"C:/Users/Rentorilla/Desktop/VRZOMBIEGAME/VRZOMBIEGAME/VRZOMBIEGAME/Content/FPWeapon/Materials/MaterialLayers/ML_Plastic_Shiny_Beige.uexp" 834
"C:/Users/Rentorilla/Desktop/VRZOMBIEGAME/VRZOMBIEGAME/VRZOMBIEGAME/Content/FPWeapon/Materials/MaterialLayers/ML_GlossyBlack_Latex_UE4.uasset" 835
"C:/Users/Rentorilla/Desktop/VRZOMBIEGAME/VRZOMBIEGAME/VRZOMBIEGAME/Content/FPWeapon/Materials/MaterialLayers/ML_GlossyBlack_Latex_UE4.uexp" 836
"C:/Users/Rentorilla/Desktop/VRZOMBIEGAME/VRZOMBIEGAME/VRZOMBIEGAME/Content/FPWeapon/Materials/M_FPGun.uasset" 837
"C:/Users/Rentorilla/Desktop/VRZOMBIEGAME/VRZOMBIEGAME/VRZOMBIEGAME/Content/FPWeapon/Materials/M_FPGun.uexp" 838
"C:/Users/Rentorilla/Desktop/VRZOMBIEGAME/VRZOMBIEGAME/VRZOMBIEGAME/Content/FPWeapon/Mesh/SK_FPGun_Physics.uasset" 839
"C:/Users/Rentorilla/Desktop/VRZOMBIEGAME/VRZOMBIEGAME/VRZOMBIEGAME/Content/FPWeapon/Mesh/SK_FPGun_Physics.uexp" 840
"C:/Users/Rentorilla/Desktop/VRZOMBIEGAME/VRZOMBIEGAME/VRZOMBIEGAME/Content/FPWeapon/Mesh/SK_FPGun.uasset" 841
"C:/Users/Rentorilla/Desktop/VRZOMBIEGAME/VRZOMBIEGAME/VRZOMBIEGAME/Content/FPWeapon/Mesh/SK_FPGun.uexp" 842
"C:/Users/Rentorilla/Desktop/VRZOMBIEGAME/VRZOMBIEGAME/VRZOMBIEGAME/Content/VRTemplate/Haptics/PistolFireHapticEffect.uasset" 843
"C:/Users/Rentorilla/Desktop/VRZOMBIEGAME/VRZOMBIEGAME/VRZOMBIEGAME/Content/VRTemplate/Haptics/PistolFireHapticEffect.uexp" 844
"../../../Engine/Content/BasicShapes/Sphere.uasset" 845
"../../../Engine/Content/BasicShapes/Sphere.uexp" 846
"C:/Users/Rentorilla/Desktop/VRZOMBIEGAME/VRZOMBIEGAME/VRZOMBIEGAME/Content/VRTemplate/Materials/M_Projectile.uasset" 847
"C:/Users/Rentorilla/Desktop/VRZOMBIEGAME/VRZOMBIEGAME/VRZOMBIEGAME/Content/VRTemplate/Materials/M_Projectile.uexp" 848
"C:/Users/Rentorilla/Desktop/VRZOMBIEGAME/VRZOMBIEGAME/VRZOMBIEGAME/Content/VRTemplate/Materials/MI_Projectile.uasset" 849
"C:/Users/Rentorilla/Desktop/VRZOMBIEGAME/VRZOMBIEGAME/VRZOMBIEGAME/Content/VRTemplate/Materials/MI_Projectile.uexp" 850
"C:/Users/Rentorilla/Desktop/VRZOMBIEGAME/VRZOMBIEGAME/VRZOMBIEGAME/Content/VRTemplate/Blueprints/Projectile.uasset" 851
"C:/Users/Rentorilla/Desktop/VRZOMBIEGAME/VRZOMBIEGAME/VRZOMBIEGAME/Content/VRTemplate/Blueprints/Projectile.uexp" 852
"C:/Users/Rentorilla/Desktop/VRZOMBIEGAME/VRZOMBIEGAME/VRZOMBIEGAME/Content/VRTemplate/Blueprints/Pistol.uasset" 853
"C:/Users/Rentorilla/Desktop/VRZOMBIEGAME/VRZOMBIEGAME/VRZOMBIEGAME/Content/VRTemplate/Blueprints/Pistol.uexp" 854
"C:/Users/Rentorilla/Desktop/VRZOMBIEGAME/VRZOMBIEGAME/VRZOMBIEGAME/Content/MilitaryWeapSilver/Weapons/Assault_Rifle_A_PhysicsAsset.uasset" 855
"C:/Users/Rentorilla/Desktop/VRZOMBIEGAME/VRZOMBIEGAME/VRZOMBIEGAME/Content/MilitaryWeapSilver/Weapons/Assault_Rifle_A_PhysicsAsset.uexp" 856
"C:/Users/Rentorilla/Desktop/VRZOMBIEGAME/VRZOMBIEGAME/VRZOMBIEGAME/Content/MilitaryWeapSilver/Weapons/Assault_Rifle_A_Skeleton.uasset" 857
"C:/Users/Rentorilla/Desktop/VRZOMBIEGAME/VRZOMBIEGAME/VRZOMBIEGAME/Content/MilitaryWeapSilver/Weapons/Assault_Rifle_A_Skeleton.uexp" 858
"C:/Users/Rentorilla/Desktop/VRZOMBIEGAME/VRZOMBIEGAME/VRZOMBIEGAME/Content/MilitaryWeapSilver/Weapons/Textures/Assault_Rifle_A_Norm.ubulk" 859
"C:/Users/Rentorilla/Desktop/VRZOMBIEGAME/VRZOMBIEGAME/VRZOMBIEGAME/Content/MilitaryWeapSilver/Weapons/Textures/Assault_Rifle_A_Norm.uasset" 860
"C:/Users/Rentorilla/Desktop/VRZOMBIEGAME/VRZOMBIEGAME/VRZOMBIEGAME/Content/MilitaryWeapSilver/Weapons/Textures/Assault_Rifle_A_Norm.uexp" 861
"C:/Users/Rentorilla/Desktop/VRZOMBIEGAME/VRZOMBIEGAME/VRZOMBIEGAME/Content/MilitaryWeapSilver/Weapons/Textures/Assault_Rifle_A_Diff.ubulk" 862
"C:/Users/Rentorilla/Desktop/VRZOMBIEGAME/VRZOMBIEGAME/VRZOMBIEGAME/Content/MilitaryWeapSilver/Weapons/Textures/Assault_Rifle_A_Diff.uasset" 863
"C:/Users/Rentorilla/Desktop/VRZOMBIEGAME/VRZOMBIEGAME/VRZOMBIEGAME/Content/MilitaryWeapSilver/Weapons/Textures/Assault_Rifle_A_Diff.uexp" 864
"C:/Users/Rentorilla/Desktop/VRZOMBIEGAME/VRZOMBIEGAME/VRZOMBIEGAME/Content/MilitaryWeapSilver/Weapons/Textures/Assault_Rifle_A_masks.ubulk" 865
"C:/Users/Rentorilla/Desktop/VRZOMBIEGAME/VRZOMBIEGAME/VRZOMBIEGAME/Content/MilitaryWeapSilver/Weapons/Textures/Assault_Rifle_A_masks.uasset" 866
"C:/Users/Rentorilla/Desktop/VRZOMBIEGAME/VRZOMBIEGAME/VRZOMBIEGAME/Content/MilitaryWeapSilver/Weapons/Textures/Assault_Rifle_A_masks.uexp" 867
"C:/Users/Rentorilla/Desktop/VRZOMBIEGAME/VRZOMBIEGAME/VRZOMBIEGAME/Content/MilitaryWeapSilver/Weapons/Materials/M_WeaponMaster_01.uasset" 868
"C:/Users/Rentorilla/Desktop/VRZOMBIEGAME/VRZOMBIEGAME/VRZOMBIEGAME/Content/MilitaryWeapSilver/Weapons/Materials/M_WeaponMaster_01.uexp" 869
"C:/Users/Rentorilla/Desktop/VRZOMBIEGAME/VRZOMBIEGAME/VRZOMBIEGAME/Content/MilitaryWeapSilver/Weapons/Materials/M_AssaultRifle_01.uasset" 870
"C:/Users/Rentorilla/Desktop/VRZOMBIEGAME/VRZOMBIEGAME/VRZOMBIEGAME/Content/MilitaryWeapSilver/Weapons/Materials/M_AssaultRifle_01.uexp" 871
"C:/Users/Rentorilla/Desktop/VRZOMBIEGAME/VRZOMBIEGAME/VRZOMBIEGAME/Content/MilitaryWeapSilver/Weapons/Assault_Rifle_A.uasset" 872
"C:/Users/Rentorilla/Desktop/VRZOMBIEGAME/VRZOMBIEGAME/VRZOMBIEGAME/Content/MilitaryWeapSilver/Weapons/Assault_Rifle_A.uexp" 873
"C:/Users/Rentorilla/Desktop/VRZOMBIEGAME/VRZOMBIEGAME/VRZOMBIEGAME/Content/VRTemplate/Blueprints/AssaultRifle.uasset" 874
"C:/Users/Rentorilla/Desktop/VRZOMBIEGAME/VRZOMBIEGAME/VRZOMBIEGAME/Content/VRTemplate/Blueprints/AssaultRifle.uexp" 875
"C:/Users/Rentorilla/Desktop/VRZOMBIEGAME/VRZOMBIEGAME/VRZOMBIEGAME/Content/VRTemplate/Maps/VRTemplateMap_BuiltData.ubulk" 876
"C:/Users/Rentorilla/Desktop/VRZOMBIEGAME/VRZOMBIEGAME/VRZOMBIEGAME/Content/VRTemplate/Maps/VRTemplateMap_BuiltData.uasset" 877
"C:/Users/Rentorilla/Desktop/VRZOMBIEGAME/VRZOMBIEGAME/VRZOMBIEGAME/Content/VRTemplate/Maps/VRTemplateMap_BuiltData.uexp" 878
"C:/Users/Rentorilla/Desktop/VRZOMBIEGAME/VRZOMBIEGAME/VRZOMBIEGAME/Content/Megascans/3D_Assets/Massive_Sandstone_Cliff_wbfkbc0/T_Massive_Sandstone_Cliff_wbfkbc0_2K_N.ubulk" 879
"C:/Users/Rentorilla/Desktop/VRZOMBIEGAME/VRZOMBIEGAME/VRZOMBIEGAME/Content/Megascans/3D_Assets/Massive_Sandstone_Cliff_wbfkbc0/T_Massive_Sandstone_Cliff_wbfkbc0_2K_N.uasset" 880
"C:/Users/Rentorilla/Desktop/VRZOMBIEGAME/VRZOMBIEGAME/VRZOMBIEGAME/Content/Megascans/3D_Assets/Massive_Sandstone_Cliff_wbfkbc0/T_Massive_Sandstone_Cliff_wbfkbc0_2K_N.uexp" 881
"C:/Users/Rentorilla/Desktop/VRZOMBIEGAME/VRZOMBIEGAME/VRZOMBIEGAME/Content/Megascans/3D_Assets/Massive_Sandstone_Cliff_wbfkbc0/T_MassiveSandstoneCliff_wbfkbc0_2K_DpR.ubulk" 882
"C:/Users/Rentorilla/Desktop/VRZOMBIEGAME/VRZOMBIEGAME/VRZOMBIEGAME/Content/Megascans/3D_Assets/Massive_Sandstone_Cliff_wbfkbc0/T_MassiveSandstoneCliff_wbfkbc0_2K_DpR.uasset" 883
"C:/Users/Rentorilla/Desktop/VRZOMBIEGAME/VRZOMBIEGAME/VRZOMBIEGAME/Content/Megascans/3D_Assets/Massive_Sandstone_Cliff_wbfkbc0/T_MassiveSandstoneCliff_wbfkbc0_2K_DpR.uexp" 884
"C:/Users/Rentorilla/Desktop/VRZOMBIEGAME/VRZOMBIEGAME/VRZOMBIEGAME/Content/Megascans/3D_Assets/Massive_Sandstone_Cliff_wbfkbc0/T_Massive_Sandstone_Cliff_wbfkbc0_2K_D.ubulk" 885
"C:/Users/Rentorilla/Desktop/VRZOMBIEGAME/VRZOMBIEGAME/VRZOMBIEGAME/Content/Megascans/3D_Assets/Massive_Sandstone_Cliff_wbfkbc0/T_Massive_Sandstone_Cliff_wbfkbc0_2K_D.uasset" 886
"C:/Users/Rentorilla/Desktop/VRZOMBIEGAME/VRZOMBIEGAME/VRZOMBIEGAME/Content/Megascans/3D_Assets/Massive_Sandstone_Cliff_wbfkbc0/T_Massive_Sandstone_Cliff_wbfkbc0_2K_D.uexp" 887
"C:/Users/Rentorilla/Desktop/VRZOMBIEGAME/VRZOMBIEGAME/VRZOMBIEGAME/Content/Megascans/3D_Assets/Massive_Sandstone_Cliff_wbfkbc0/MI_Massive_Sandstone_Cliff_wbfkbc0_2K.uasset" 888
"C:/Users/Rentorilla/Desktop/VRZOMBIEGAME/VRZOMBIEGAME/VRZOMBIEGAME/Content/Megascans/3D_Assets/Massive_Sandstone_Cliff_wbfkbc0/MI_Massive_Sandstone_Cliff_wbfkbc0_2K.uexp" 889
"C:/Users/Rentorilla/Desktop/VRZOMBIEGAME/VRZOMBIEGAME/VRZOMBIEGAME/Content/Megascans/3D_Assets/Massive_Sandstone_Cliff_wbfkbc0/S_Massive_Sandstone_Cliff_wbfkbc0_lod3_Var1.uasset" 890
"C:/Users/Rentorilla/Desktop/VRZOMBIEGAME/VRZOMBIEGAME/VRZOMBIEGAME/Content/Megascans/3D_Assets/Massive_Sandstone_Cliff_wbfkbc0/S_Massive_Sandstone_Cliff_wbfkbc0_lod3_Var1.uexp" 891
"C:/Users/Rentorilla/Desktop/VRZOMBIEGAME/VRZOMBIEGAME/VRZOMBIEGAME/Content/VRTemplate/Maps/VRTemplateMap.uexp" 892
"C:/Users/Rentorilla/Desktop/VRZOMBIEGAME/VRZOMBIEGAME/VRZOMBIEGAME/Content/VRTemplate/Maps/VRTemplateMap.umap" 893
